<?xml version="1.0" encoding="utf-8"?>
<CoverageSession xmlns:xsd="http://www.w3.org/2001/XMLSchema" xmlns:xsi="http://www.w3.org/2001/XMLSchema-instance" Version="0.0.0.0">
  <Summary numSequencePoints="998" visitedSequencePoints="984" numBranchPoints="0" visitedBranchPoints="0" sequenceCoverage="98.60" branchCoverage="0.0" maxCyclomaticComplexity="0" minCyclomaticComplexity="0" maxCrapScore="0" minCrapScore="0" visitedClasses="29" numClasses="29" visitedMethods="187" numMethods="187" />
  <Modules>
    <Module>
      <Summary numSequencePoints="998" visitedSequencePoints="984" numBranchPoints="0" visitedBranchPoints="0" sequenceCoverage="98.60" branchCoverage="0.0" maxCyclomaticComplexity="0" minCyclomaticComplexity="0" maxCrapScore="0" minCrapScore="0" visitedClasses="29" numClasses="29" visitedMethods="187" numMethods="187" />
      <ModuleTime>0001-01-01T00:00:00</ModuleTime>
      <ModuleName>Model</ModuleName>
      <Files>
        <File uid="1" fullPath="D:/Szakdolgozat/GameProject/Tabletop/Assets/Model/CollectionHelper.cs" />
        <File uid="2" fullPath="D:/Szakdolgozat/GameProject/Tabletop/Assets/Model/LobbyModel/LobbyPlayerData.cs" />
        <File uid="3" fullPath="D:/Szakdolgozat/GameProject/Tabletop/Assets/Model/Profile.cs" />
        <File uid="4" fullPath="D:/Szakdolgozat/GameProject/Tabletop/Assets/Model/Weapons/UnitWeapon.cs" />
        <File uid="5" fullPath="D:/Szakdolgozat/GameProject/Tabletop/Assets/Model/Weapons/UsableWeapon.cs" />
        <File uid="6" fullPath="D:/Szakdolgozat/GameProject/Tabletop/Assets/Model/UnityDependant/UnitModel.cs" />
        <File uid="7" fullPath="D:/Szakdolgozat/GameProject/Tabletop/Assets/Model/LobbyModel/LobbyModel.cs" />
        <File uid="8" fullPath="D:/Szakdolgozat/GameProject/Tabletop/Assets/Model/LobbyModel/LobbySlot.cs" />
        <File uid="9" fullPath="D:/Szakdolgozat/GameProject/Tabletop/Assets/Model/GameModel/ControlPointModel.cs" />
        <File uid="10" fullPath="D:/Szakdolgozat/GameProject/Tabletop/Assets/Model/GameModel/GameModel.cs" />
        <File uid="11" fullPath="D:/Szakdolgozat/GameProject/Tabletop/Assets/Model/GameModel/GamePlayerData.cs" />
        <File uid="12" fullPath="D:/Szakdolgozat/GameProject/Tabletop/Assets/Model/GameModel/History.cs" />
        <File uid="13" fullPath="D:/Szakdolgozat/GameProject/Tabletop/Assets/Model/GameModel/Commands/AttackCommand.cs" />
        <File uid="14" fullPath="D:/Szakdolgozat/GameProject/Tabletop/Assets/Model/GameModel/Commands/MoveCommand.cs" />
        <File uid="15" fullPath="D:/Szakdolgozat/GameProject/Tabletop/Assets/Model/Deck/DeckEntry.cs" />
        <File uid="16" fullPath="D:/Szakdolgozat/GameProject/Tabletop/Assets/Model/Deck/DeckObject.cs" />
      </Files>
      <Classes>
        <Class>
          <Summary numSequencePoints="22" visitedSequencePoints="22" numBranchPoints="0" visitedBranchPoints="0" sequenceCoverage="100.0" branchCoverage="0.0" maxCyclomaticComplexity="0" minCyclomaticComplexity="0" maxCrapScore="0" minCrapScore="0" visitedClasses="1" numClasses="1" visitedMethods="1" numMethods="1" />
          <FullName>Model.CollectionHelper</FullName>
          <Methods>
            <Method visited="true" cyclomaticComplexity="0" nPathComplexity="0" sequenceCoverage="100.0" branchCoverage="0" crapScore="0" isConstructor="false" isStatic="true" isGetter="false" isSetter="false">
              <Summary numSequencePoints="22" visitedSequencePoints="22" numBranchPoints="0" visitedBranchPoints="0" sequenceCoverage="100.0" branchCoverage="0" maxCyclomaticComplexity="0" minCyclomaticComplexity="0" maxCrapScore="0" minCrapScore="0" visitedClasses="0" numClasses="0" visitedMethods="1" numMethods="1" />
              <MetadataToken>100663303</MetadataToken>
              <Name>static System.Boolean Model.CollectionHelper::LoopbackSearch[T](System.Collections.Generic.IList[T], System.Predicate[T], System.Int32, System.Int32&amp;)</Name>
              <FileRef uid="1" />
              <SequencePoints>
                <SequencePoint vc="15" uspid="3272" ordinal="0" offset="0" sl="9" sc="0" el="9" ec="0" bec="0" bev="0" fileid="1" />
                <SequencePoint vc="15" uspid="3273" ordinal="0" offset="1" sl="10" sc="0" el="10" ec="0" bec="0" bev="0" fileid="1" />
                <SequencePoint vc="15" uspid="3274" ordinal="0" offset="4" sl="13" sc="0" el="13" ec="0" bec="0" bev="0" fileid="1" />
                <SequencePoint vc="12" uspid="3275" ordinal="0" offset="10" sl="14" sc="0" el="14" ec="0" bec="0" bev="0" fileid="1" />
                <SequencePoint vc="12" uspid="3276" ordinal="0" offset="11" sl="15" sc="0" el="15" ec="0" bec="0" bev="0" fileid="1" />
                <SequencePoint vc="8" uspid="3277" ordinal="0" offset="28" sl="16" sc="0" el="16" ec="0" bec="0" bev="0" fileid="1" />
                <SequencePoint vc="8" uspid="3278" ordinal="0" offset="29" sl="17" sc="0" el="17" ec="0" bec="0" bev="0" fileid="1" />
                <SequencePoint vc="8" uspid="3279" ordinal="0" offset="32" sl="18" sc="0" el="18" ec="0" bec="0" bev="0" fileid="1" />
                <SequencePoint vc="4" uspid="3280" ordinal="0" offset="36" sl="20" sc="0" el="20" ec="0" bec="0" bev="0" fileid="1" />
                <SequencePoint vc="4" uspid="3281" ordinal="0" offset="37" sl="13" sc="0" el="13" ec="0" bec="0" bev="0" fileid="1" />
                <SequencePoint vc="19" uspid="3282" ordinal="0" offset="41" sl="13" sc="0" el="13" ec="0" bec="0" bev="0" fileid="1" />
                <SequencePoint vc="7" uspid="3283" ordinal="0" offset="54" sl="23" sc="0" el="23" ec="0" bec="0" bev="0" fileid="1" />
                <SequencePoint vc="7" uspid="3284" ordinal="0" offset="59" sl="24" sc="0" el="24" ec="0" bec="0" bev="0" fileid="1" />
                <SequencePoint vc="7" uspid="3285" ordinal="0" offset="60" sl="25" sc="0" el="25" ec="0" bec="0" bev="0" fileid="1" />
                <SequencePoint vc="6" uspid="3286" ordinal="0" offset="80" sl="26" sc="0" el="26" ec="0" bec="0" bev="0" fileid="1" />
                <SequencePoint vc="6" uspid="3287" ordinal="0" offset="81" sl="27" sc="0" el="27" ec="0" bec="0" bev="0" fileid="1" />
                <SequencePoint vc="6" uspid="3288" ordinal="0" offset="85" sl="28" sc="0" el="28" ec="0" bec="0" bev="0" fileid="1" />
                <SequencePoint vc="1" uspid="3289" ordinal="0" offset="89" sl="30" sc="0" el="30" ec="0" bec="0" bev="0" fileid="1" />
                <SequencePoint vc="1" uspid="3290" ordinal="0" offset="90" sl="23" sc="0" el="23" ec="0" bec="0" bev="0" fileid="1" />
                <SequencePoint vc="8" uspid="3291" ordinal="0" offset="96" sl="23" sc="0" el="23" ec="0" bec="0" bev="0" fileid="1" />
                <SequencePoint vc="1" uspid="3292" ordinal="0" offset="107" sl="33" sc="0" el="33" ec="0" bec="0" bev="0" fileid="1" />
                <SequencePoint vc="15" uspid="3293" ordinal="0" offset="111" sl="34" sc="0" el="34" ec="0" bec="0" bev="0" fileid="1" />
              </SequencePoints>
              <BranchPoints />
            </Method>
          </Methods>
        </Class>
        <Class>
          <Summary numSequencePoints="11" visitedSequencePoints="11" numBranchPoints="0" visitedBranchPoints="0" sequenceCoverage="100.0" branchCoverage="0.0" maxCyclomaticComplexity="0" minCyclomaticComplexity="0" maxCrapScore="0" minCrapScore="0" visitedClasses="1" numClasses="1" visitedMethods="6" numMethods="6" />
          <FullName>Model.LobbyPlayerData</FullName>
          <Methods>
            <Method visited="true" cyclomaticComplexity="0" nPathComplexity="0" sequenceCoverage="100.0" branchCoverage="0" crapScore="0" isConstructor="false" isStatic="false" isGetter="true" isSetter="false">
              <Summary numSequencePoints="1" visitedSequencePoints="1" numBranchPoints="0" visitedBranchPoints="0" sequenceCoverage="100.0" branchCoverage="0" maxCyclomaticComplexity="0" minCyclomaticComplexity="0" maxCrapScore="0" minCrapScore="0" visitedClasses="0" numClasses="0" visitedMethods="1" numMethods="1" />
              <MetadataToken>100663305</MetadataToken>
              <Name>System.Boolean Model.LobbyPlayerData::get_IsReady()</Name>
              <FileRef uid="2" />
              <SequencePoints>
                <SequencePoint vc="9" uspid="3294" ordinal="0" offset="0" sl="7" sc="31" el="7" ec="31" bec="0" bev="0" fileid="2" />
              </SequencePoints>
              <BranchPoints />
            </Method>
            <Method visited="true" cyclomaticComplexity="0" nPathComplexity="0" sequenceCoverage="100.0" branchCoverage="0" crapScore="0" isConstructor="false" isStatic="false" isGetter="false" isSetter="true">
              <Summary numSequencePoints="1" visitedSequencePoints="1" numBranchPoints="0" visitedBranchPoints="0" sequenceCoverage="100.0" branchCoverage="0" maxCyclomaticComplexity="0" minCyclomaticComplexity="0" maxCrapScore="0" minCrapScore="0" visitedClasses="0" numClasses="0" visitedMethods="1" numMethods="1" />
              <MetadataToken>100663306</MetadataToken>
              <Name>System.Void Model.LobbyPlayerData::set_IsReady(System.Boolean)</Name>
              <FileRef uid="2" />
              <SequencePoints>
                <SequencePoint vc="9" uspid="3295" ordinal="0" offset="0" sl="7" sc="36" el="7" ec="36" bec="0" bev="0" fileid="2" />
              </SequencePoints>
              <BranchPoints />
            </Method>
            <Method visited="true" cyclomaticComplexity="0" nPathComplexity="0" sequenceCoverage="100.0" branchCoverage="0" crapScore="0" isConstructor="false" isStatic="false" isGetter="true" isSetter="false">
              <Summary numSequencePoints="1" visitedSequencePoints="1" numBranchPoints="0" visitedBranchPoints="0" sequenceCoverage="100.0" branchCoverage="0" maxCyclomaticComplexity="0" minCyclomaticComplexity="0" maxCrapScore="0" minCrapScore="0" visitedClasses="0" numClasses="0" visitedMethods="1" numMethods="1" />
              <MetadataToken>100663308</MetadataToken>
              <Name>Model.Deck.DeckObject Model.LobbyPlayerData::get_Deck()</Name>
              <FileRef uid="2" />
              <SequencePoints>
                <SequencePoint vc="9" uspid="3297" ordinal="0" offset="0" sl="9" sc="34" el="9" ec="34" bec="0" bev="0" fileid="2" />
              </SequencePoints>
              <BranchPoints />
            </Method>
            <Method visited="true" cyclomaticComplexity="0" nPathComplexity="0" sequenceCoverage="100.0" branchCoverage="0" crapScore="0" isConstructor="false" isStatic="false" isGetter="true" isSetter="false">
              <Summary numSequencePoints="1" visitedSequencePoints="1" numBranchPoints="0" visitedBranchPoints="0" sequenceCoverage="100.0" branchCoverage="0" maxCyclomaticComplexity="0" minCyclomaticComplexity="0" maxCrapScore="0" minCrapScore="0" visitedClasses="0" numClasses="0" visitedMethods="1" numMethods="1" />
              <MetadataToken>100663309</MetadataToken>
              <Name>Model.Side Model.LobbyPlayerData::get_Side()</Name>
              <FileRef uid="2" />
              <SequencePoints>
                <SequencePoint vc="7" uspid="3298" ordinal="0" offset="0" sl="10" sc="28" el="10" ec="28" bec="0" bev="0" fileid="2" />
              </SequencePoints>
              <BranchPoints />
            </Method>
            <Method visited="true" cyclomaticComplexity="0" nPathComplexity="0" sequenceCoverage="100.0" branchCoverage="0" crapScore="0" isConstructor="false" isStatic="false" isGetter="false" isSetter="true">
              <Summary numSequencePoints="1" visitedSequencePoints="1" numBranchPoints="0" visitedBranchPoints="0" sequenceCoverage="100.0" branchCoverage="0" maxCyclomaticComplexity="0" minCyclomaticComplexity="0" maxCrapScore="0" minCrapScore="0" visitedClasses="0" numClasses="0" visitedMethods="1" numMethods="1" />
              <MetadataToken>100663310</MetadataToken>
              <Name>System.Void Model.LobbyPlayerData::set_Side(Model.Side)</Name>
              <FileRef uid="2" />
              <SequencePoints>
                <SequencePoint vc="9" uspid="3299" ordinal="0" offset="0" sl="10" sc="33" el="10" ec="33" bec="0" bev="0" fileid="2" />
              </SequencePoints>
              <BranchPoints />
            </Method>
            <Method visited="true" cyclomaticComplexity="0" nPathComplexity="0" sequenceCoverage="100.0" branchCoverage="0" crapScore="0" isConstructor="true" isStatic="false" isGetter="false" isSetter="false">
              <Summary numSequencePoints="6" visitedSequencePoints="6" numBranchPoints="0" visitedBranchPoints="0" sequenceCoverage="100.0" branchCoverage="0" maxCyclomaticComplexity="0" minCyclomaticComplexity="0" maxCrapScore="0" minCrapScore="0" visitedClasses="0" numClasses="0" visitedMethods="1" numMethods="1" />
              <MetadataToken>100663311</MetadataToken>
              <Name>Model.LobbyPlayerData::LobbyPlayerData(System.String)</Name>
              <FileRef uid="2" />
              <SequencePoints>
                <SequencePoint vc="7" uspid="3300" ordinal="0" offset="0" sl="12" sc="9" el="12" ec="9" bec="0" bev="0" fileid="2" />
                <SequencePoint vc="7" uspid="3301" ordinal="0" offset="7" sl="13" sc="9" el="13" ec="9" bec="0" bev="0" fileid="2" />
                <SequencePoint vc="7" uspid="3302" ordinal="0" offset="8" sl="14" sc="13" el="14" ec="13" bec="0" bev="0" fileid="2" />
                <SequencePoint vc="7" uspid="3303" ordinal="0" offset="15" sl="15" sc="13" el="15" ec="13" bec="0" bev="0" fileid="2" />
                <SequencePoint vc="7" uspid="3304" ordinal="0" offset="23" sl="16" sc="13" el="16" ec="13" bec="0" bev="0" fileid="2" />
                <SequencePoint vc="7" uspid="3305" ordinal="0" offset="34" sl="17" sc="9" el="17" ec="9" bec="0" bev="0" fileid="2" />
              </SequencePoints>
              <BranchPoints />
            </Method>
          </Methods>
        </Class>
        <Class>
          <Summary numSequencePoints="19" visitedSequencePoints="19" numBranchPoints="0" visitedBranchPoints="0" sequenceCoverage="100.0" branchCoverage="0.0" maxCyclomaticComplexity="0" minCyclomaticComplexity="0" maxCrapScore="0" minCrapScore="0" visitedClasses="1" numClasses="1" visitedMethods="9" numMethods="9" />
          <FullName>Model.Profile</FullName>
          <Methods>
            <Method visited="true" cyclomaticComplexity="0" nPathComplexity="0" sequenceCoverage="100.0" branchCoverage="0" crapScore="0" isConstructor="false" isStatic="true" isGetter="true" isSetter="false">
              <Summary numSequencePoints="1" visitedSequencePoints="1" numBranchPoints="0" visitedBranchPoints="0" sequenceCoverage="100.0" branchCoverage="0" maxCyclomaticComplexity="0" minCyclomaticComplexity="0" maxCrapScore="0" minCrapScore="0" visitedClasses="0" numClasses="0" visitedMethods="1" numMethods="1" />
              <MetadataToken>100663312</MetadataToken>
              <Name>static Model.Profile Model.Profile::get_Default()</Name>
              <FileRef uid="3" />
              <SequencePoints>
                <SequencePoint vc="2" uspid="3306" ordinal="0" offset="0" sl="8" sc="42" el="8" ec="42" bec="0" bev="0" fileid="3" />
              </SequencePoints>
              <BranchPoints />
            </Method>
            <Method visited="true" cyclomaticComplexity="0" nPathComplexity="0" sequenceCoverage="100.0" branchCoverage="0" crapScore="0" isConstructor="false" isStatic="false" isGetter="true" isSetter="false">
              <Summary numSequencePoints="1" visitedSequencePoints="1" numBranchPoints="0" visitedBranchPoints="0" sequenceCoverage="100.0" branchCoverage="0" maxCyclomaticComplexity="0" minCyclomaticComplexity="0" maxCrapScore="0" minCrapScore="0" visitedClasses="0" numClasses="0" visitedMethods="1" numMethods="1" />
              <MetadataToken>100663313</MetadataToken>
              <Name>System.String Model.Profile::get_DisplayName()</Name>
              <FileRef uid="3" />
              <SequencePoints>
                <SequencePoint vc="3" uspid="3307" ordinal="0" offset="0" sl="9" sc="37" el="9" ec="37" bec="0" bev="0" fileid="3" />
              </SequencePoints>
              <BranchPoints />
            </Method>
            <Method visited="true" cyclomaticComplexity="0" nPathComplexity="0" sequenceCoverage="100.0" branchCoverage="0" crapScore="0" isConstructor="false" isStatic="false" isGetter="false" isSetter="true">
              <Summary numSequencePoints="1" visitedSequencePoints="1" numBranchPoints="0" visitedBranchPoints="0" sequenceCoverage="100.0" branchCoverage="0" maxCyclomaticComplexity="0" minCyclomaticComplexity="0" maxCrapScore="0" minCrapScore="0" visitedClasses="0" numClasses="0" visitedMethods="1" numMethods="1" />
              <MetadataToken>100663314</MetadataToken>
              <Name>System.Void Model.Profile::set_DisplayName(System.String)</Name>
              <FileRef uid="3" />
              <SequencePoints>
                <SequencePoint vc="3" uspid="3308" ordinal="0" offset="0" sl="9" sc="42" el="9" ec="42" bec="0" bev="0" fileid="3" />
              </SequencePoints>
              <BranchPoints />
            </Method>
            <Method visited="true" cyclomaticComplexity="0" nPathComplexity="0" sequenceCoverage="100.0" branchCoverage="0" crapScore="0" isConstructor="false" isStatic="false" isGetter="true" isSetter="false">
              <Summary numSequencePoints="1" visitedSequencePoints="1" numBranchPoints="0" visitedBranchPoints="0" sequenceCoverage="100.0" branchCoverage="0" maxCyclomaticComplexity="0" minCyclomaticComplexity="0" maxCrapScore="0" minCrapScore="0" visitedClasses="0" numClasses="0" visitedMethods="1" numMethods="1" />
              <MetadataToken>100663315</MetadataToken>
              <Name>System.Int32 Model.Profile::get_GamesPlayed()</Name>
              <FileRef uid="3" />
              <SequencePoints>
                <SequencePoint vc="1" uspid="3309" ordinal="0" offset="0" sl="10" sc="34" el="10" ec="34" bec="0" bev="0" fileid="3" />
              </SequencePoints>
              <BranchPoints />
            </Method>
            <Method visited="true" cyclomaticComplexity="0" nPathComplexity="0" sequenceCoverage="100.0" branchCoverage="0" crapScore="0" isConstructor="false" isStatic="false" isGetter="false" isSetter="true">
              <Summary numSequencePoints="1" visitedSequencePoints="1" numBranchPoints="0" visitedBranchPoints="0" sequenceCoverage="100.0" branchCoverage="0" maxCyclomaticComplexity="0" minCyclomaticComplexity="0" maxCrapScore="0" minCrapScore="0" visitedClasses="0" numClasses="0" visitedMethods="1" numMethods="1" />
              <MetadataToken>100663316</MetadataToken>
              <Name>System.Void Model.Profile::set_GamesPlayed(System.Int32)</Name>
              <FileRef uid="3" />
              <SequencePoints>
                <SequencePoint vc="2" uspid="3310" ordinal="0" offset="0" sl="10" sc="39" el="10" ec="39" bec="0" bev="0" fileid="3" />
              </SequencePoints>
              <BranchPoints />
            </Method>
            <Method visited="true" cyclomaticComplexity="0" nPathComplexity="0" sequenceCoverage="100.0" branchCoverage="0" crapScore="0" isConstructor="false" isStatic="false" isGetter="true" isSetter="false">
              <Summary numSequencePoints="1" visitedSequencePoints="1" numBranchPoints="0" visitedBranchPoints="0" sequenceCoverage="100.0" branchCoverage="0" maxCyclomaticComplexity="0" minCyclomaticComplexity="0" maxCrapScore="0" minCrapScore="0" visitedClasses="0" numClasses="0" visitedMethods="1" numMethods="1" />
              <MetadataToken>100663317</MetadataToken>
              <Name>System.Int32 Model.Profile::get_GamesWon()</Name>
              <FileRef uid="3" />
              <SequencePoints>
                <SequencePoint vc="1" uspid="3311" ordinal="0" offset="0" sl="11" sc="31" el="11" ec="31" bec="0" bev="0" fileid="3" />
              </SequencePoints>
              <BranchPoints />
            </Method>
            <Method visited="true" cyclomaticComplexity="0" nPathComplexity="0" sequenceCoverage="100.0" branchCoverage="0" crapScore="0" isConstructor="false" isStatic="false" isGetter="false" isSetter="true">
              <Summary numSequencePoints="1" visitedSequencePoints="1" numBranchPoints="0" visitedBranchPoints="0" sequenceCoverage="100.0" branchCoverage="0" maxCyclomaticComplexity="0" minCyclomaticComplexity="0" maxCrapScore="0" minCrapScore="0" visitedClasses="0" numClasses="0" visitedMethods="1" numMethods="1" />
              <MetadataToken>100663318</MetadataToken>
              <Name>System.Void Model.Profile::set_GamesWon(System.Int32)</Name>
              <FileRef uid="3" />
              <SequencePoints>
                <SequencePoint vc="2" uspid="3312" ordinal="0" offset="0" sl="11" sc="36" el="11" ec="36" bec="0" bev="0" fileid="3" />
              </SequencePoints>
              <BranchPoints />
            </Method>
            <Method visited="true" cyclomaticComplexity="0" nPathComplexity="0" sequenceCoverage="100.0" branchCoverage="0" crapScore="0" isConstructor="false" isStatic="false" isGetter="false" isSetter="false">
              <Summary numSequencePoints="6" visitedSequencePoints="6" numBranchPoints="0" visitedBranchPoints="0" sequenceCoverage="100.0" branchCoverage="0" maxCyclomaticComplexity="0" minCyclomaticComplexity="0" maxCrapScore="0" minCrapScore="0" visitedClasses="0" numClasses="0" visitedMethods="1" numMethods="1" />
              <MetadataToken>100663320</MetadataToken>
              <Name>System.Void Model.Profile::ChangeName(System.String)</Name>
              <FileRef uid="3" />
              <SequencePoints>
                <SequencePoint vc="2" uspid="3313" ordinal="0" offset="0" sl="21" sc="9" el="21" ec="9" bec="0" bev="0" fileid="3" />
                <SequencePoint vc="2" uspid="3314" ordinal="0" offset="1" sl="22" sc="13" el="22" ec="13" bec="0" bev="0" fileid="3" />
                <SequencePoint vc="1" uspid="3315" ordinal="0" offset="16" sl="23" sc="13" el="23" ec="13" bec="0" bev="0" fileid="3" />
                <SequencePoint vc="1" uspid="3316" ordinal="0" offset="17" sl="24" sc="17" el="24" ec="17" bec="0" bev="0" fileid="3" />
                <SequencePoint vc="1" uspid="3317" ordinal="0" offset="19" sl="26" sc="13" el="26" ec="13" bec="0" bev="0" fileid="3" />
                <SequencePoint vc="2" uspid="3318" ordinal="0" offset="27" sl="27" sc="9" el="27" ec="9" bec="0" bev="0" fileid="3" />
              </SequencePoints>
              <BranchPoints />
            </Method>
            <Method visited="true" cyclomaticComplexity="0" nPathComplexity="0" sequenceCoverage="100.0" branchCoverage="0" crapScore="0" isConstructor="true" isStatic="false" isGetter="false" isSetter="false">
              <Summary numSequencePoints="6" visitedSequencePoints="6" numBranchPoints="0" visitedBranchPoints="0" sequenceCoverage="100.0" branchCoverage="0" maxCyclomaticComplexity="0" minCyclomaticComplexity="0" maxCrapScore="0" minCrapScore="0" visitedClasses="0" numClasses="0" visitedMethods="1" numMethods="1" />
              <MetadataToken>100663319</MetadataToken>
              <Name>Model.Profile::Profile(System.String, System.Int32, System.Int32)</Name>
              <FileRef uid="3" />
              <SequencePoints>
                <SequencePoint vc="2" uspid="3319" ordinal="0" offset="0" sl="13" sc="9" el="13" ec="9" bec="0" bev="0" fileid="3" />
                <SequencePoint vc="2" uspid="3320" ordinal="0" offset="7" sl="14" sc="9" el="14" ec="9" bec="0" bev="0" fileid="3" />
                <SequencePoint vc="2" uspid="3321" ordinal="0" offset="8" sl="15" sc="13" el="15" ec="13" bec="0" bev="0" fileid="3" />
                <SequencePoint vc="2" uspid="3322" ordinal="0" offset="16" sl="16" sc="13" el="16" ec="13" bec="0" bev="0" fileid="3" />
                <SequencePoint vc="2" uspid="3323" ordinal="0" offset="24" sl="17" sc="13" el="17" ec="13" bec="0" bev="0" fileid="3" />
                <SequencePoint vc="2" uspid="3324" ordinal="0" offset="32" sl="18" sc="9" el="18" ec="9" bec="0" bev="0" fileid="3" />
              </SequencePoints>
              <BranchPoints />
            </Method>
          </Methods>
        </Class>
        <Class>
          <Summary numSequencePoints="9" visitedSequencePoints="9" numBranchPoints="0" visitedBranchPoints="0" sequenceCoverage="100.0" branchCoverage="0.0" maxCyclomaticComplexity="0" minCyclomaticComplexity="0" maxCrapScore="0" minCrapScore="0" visitedClasses="1" numClasses="1" visitedMethods="4" numMethods="4" />
          <FullName>Model.Weapons.UnitWeapon</FullName>
          <Methods>
            <Method visited="true" cyclomaticComplexity="0" nPathComplexity="0" sequenceCoverage="100.0" branchCoverage="0" crapScore="0" isConstructor="false" isStatic="false" isGetter="true" isSetter="false">
              <Summary numSequencePoints="1" visitedSequencePoints="1" numBranchPoints="0" visitedBranchPoints="0" sequenceCoverage="100.0" branchCoverage="0" maxCyclomaticComplexity="0" minCyclomaticComplexity="0" maxCrapScore="0" minCrapScore="0" visitedClasses="0" numClasses="0" visitedMethods="1" numMethods="1" />
              <MetadataToken>100663323</MetadataToken>
              <Name>Model.Weapons.WeaponIdentifier Model.Weapons.UnitWeapon::get_Identity()</Name>
              <FileRef uid="4" />
              <SequencePoints>
                <SequencePoint vc="6" uspid="3325" ordinal="0" offset="0" sl="5" sc="44" el="5" ec="44" bec="0" bev="0" fileid="4" />
              </SequencePoints>
              <BranchPoints />
            </Method>
            <Method visited="true" cyclomaticComplexity="0" nPathComplexity="0" sequenceCoverage="100.0" branchCoverage="0" crapScore="0" isConstructor="false" isStatic="false" isGetter="true" isSetter="false">
              <Summary numSequencePoints="1" visitedSequencePoints="1" numBranchPoints="0" visitedBranchPoints="0" sequenceCoverage="100.0" branchCoverage="0" maxCyclomaticComplexity="0" minCyclomaticComplexity="0" maxCrapScore="0" minCrapScore="0" visitedClasses="0" numClasses="0" visitedMethods="1" numMethods="1" />
              <MetadataToken>100663324</MetadataToken>
              <Name>Model.Weapons.WeaponConstants Model.Weapons.UnitWeapon::get_Constants()</Name>
              <FileRef uid="4" />
              <SequencePoints>
                <SequencePoint vc="19" uspid="3326" ordinal="0" offset="0" sl="6" sc="44" el="6" ec="44" bec="0" bev="0" fileid="4" />
              </SequencePoints>
              <BranchPoints />
            </Method>
            <Method visited="true" cyclomaticComplexity="0" nPathComplexity="0" sequenceCoverage="100.0" branchCoverage="0" crapScore="0" isConstructor="false" isStatic="false" isGetter="true" isSetter="false">
              <Summary numSequencePoints="1" visitedSequencePoints="1" numBranchPoints="0" visitedBranchPoints="0" sequenceCoverage="100.0" branchCoverage="0" maxCyclomaticComplexity="0" minCyclomaticComplexity="0" maxCrapScore="0" minCrapScore="0" visitedClasses="0" numClasses="0" visitedMethods="1" numMethods="1" />
              <MetadataToken>100663325</MetadataToken>
              <Name>System.Int32 Model.Weapons.UnitWeapon::get_Count()</Name>
              <FileRef uid="4" />
              <SequencePoints>
                <SequencePoint vc="3" uspid="3327" ordinal="0" offset="0" sl="7" sc="28" el="7" ec="28" bec="0" bev="0" fileid="4" />
              </SequencePoints>
              <BranchPoints />
            </Method>
            <Method visited="true" cyclomaticComplexity="0" nPathComplexity="0" sequenceCoverage="100.0" branchCoverage="0" crapScore="0" isConstructor="true" isStatic="false" isGetter="false" isSetter="false">
              <Summary numSequencePoints="6" visitedSequencePoints="6" numBranchPoints="0" visitedBranchPoints="0" sequenceCoverage="100.0" branchCoverage="0" maxCyclomaticComplexity="0" minCyclomaticComplexity="0" maxCrapScore="0" minCrapScore="0" visitedClasses="0" numClasses="0" visitedMethods="1" numMethods="1" />
              <MetadataToken>100663326</MetadataToken>
              <Name>Model.Weapons.UnitWeapon::UnitWeapon(Model.Weapons.WeaponIdentifier, System.Int32)</Name>
              <FileRef uid="4" />
              <SequencePoints>
                <SequencePoint vc="4" uspid="3328" ordinal="0" offset="0" sl="9" sc="9" el="9" ec="9" bec="0" bev="0" fileid="4" />
                <SequencePoint vc="4" uspid="3329" ordinal="0" offset="7" sl="10" sc="9" el="10" ec="9" bec="0" bev="0" fileid="4" />
                <SequencePoint vc="4" uspid="3330" ordinal="0" offset="8" sl="11" sc="13" el="11" ec="13" bec="0" bev="0" fileid="4" />
                <SequencePoint vc="4" uspid="3331" ordinal="0" offset="15" sl="12" sc="13" el="12" ec="13" bec="0" bev="0" fileid="4" />
                <SequencePoint vc="4" uspid="3332" ordinal="0" offset="37" sl="13" sc="13" el="13" ec="13" bec="0" bev="0" fileid="4" />
                <SequencePoint vc="4" uspid="3333" ordinal="0" offset="44" sl="14" sc="9" el="14" ec="9" bec="0" bev="0" fileid="4" />
              </SequencePoints>
              <BranchPoints />
            </Method>
          </Methods>
        </Class>
        <Class>
          <Summary numSequencePoints="15" visitedSequencePoints="15" numBranchPoints="0" visitedBranchPoints="0" sequenceCoverage="100.0" branchCoverage="0.0" maxCyclomaticComplexity="0" minCyclomaticComplexity="0" maxCrapScore="0" minCrapScore="0" visitedClasses="1" numClasses="1" visitedMethods="6" numMethods="6" />
          <FullName>Model.Weapons.UsableWeapon</FullName>
          <Methods>
            <Method visited="true" cyclomaticComplexity="0" nPathComplexity="0" sequenceCoverage="100.0" branchCoverage="0" crapScore="0" isConstructor="false" isStatic="false" isGetter="true" isSetter="false">
              <Summary numSequencePoints="1" visitedSequencePoints="1" numBranchPoints="0" visitedBranchPoints="0" sequenceCoverage="100.0" branchCoverage="0" maxCyclomaticComplexity="0" minCyclomaticComplexity="0" maxCrapScore="0" minCrapScore="0" visitedClasses="0" numClasses="0" visitedMethods="1" numMethods="1" />
              <MetadataToken>100663327</MetadataToken>
              <Name>System.Boolean Model.Weapons.UsableWeapon::get_CanDamage()</Name>
              <FileRef uid="5" />
              <SequencePoints>
                <SequencePoint vc="3" uspid="3334" ordinal="0" offset="0" sl="10" sc="33" el="10" ec="33" bec="0" bev="0" fileid="5" />
              </SequencePoints>
              <BranchPoints />
            </Method>
            <Method visited="true" cyclomaticComplexity="0" nPathComplexity="0" sequenceCoverage="100.0" branchCoverage="0" crapScore="0" isConstructor="false" isStatic="false" isGetter="false" isSetter="true">
              <Summary numSequencePoints="1" visitedSequencePoints="1" numBranchPoints="0" visitedBranchPoints="0" sequenceCoverage="100.0" branchCoverage="0" maxCyclomaticComplexity="0" minCyclomaticComplexity="0" maxCrapScore="0" minCrapScore="0" visitedClasses="0" numClasses="0" visitedMethods="1" numMethods="1" />
              <MetadataToken>100663328</MetadataToken>
              <Name>System.Void Model.Weapons.UsableWeapon::set_CanDamage(System.Boolean)</Name>
              <FileRef uid="5" />
              <SequencePoints>
                <SequencePoint vc="23" uspid="3335" ordinal="0" offset="0" sl="10" sc="38" el="10" ec="38" bec="0" bev="0" fileid="5" />
              </SequencePoints>
              <BranchPoints />
            </Method>
            <Method visited="true" cyclomaticComplexity="0" nPathComplexity="0" sequenceCoverage="100.0" branchCoverage="0" crapScore="0" isConstructor="false" isStatic="false" isGetter="true" isSetter="false">
              <Summary numSequencePoints="1" visitedSequencePoints="1" numBranchPoints="0" visitedBranchPoints="0" sequenceCoverage="100.0" branchCoverage="0" maxCyclomaticComplexity="0" minCyclomaticComplexity="0" maxCrapScore="0" minCrapScore="0" visitedClasses="0" numClasses="0" visitedMethods="1" numMethods="1" />
              <MetadataToken>100663329</MetadataToken>
              <Name>Model.Weapons.UnitWeapon Model.Weapons.UsableWeapon::get_Weapon()</Name>
              <FileRef uid="5" />
              <SequencePoints>
                <SequencePoint vc="24" uspid="3336" ordinal="0" offset="0" sl="12" sc="36" el="12" ec="36" bec="0" bev="0" fileid="5" />
              </SequencePoints>
              <BranchPoints />
            </Method>
            <Method visited="true" cyclomaticComplexity="0" nPathComplexity="0" sequenceCoverage="100.0" branchCoverage="0" crapScore="0" isConstructor="false" isStatic="false" isGetter="false" isSetter="false">
              <Summary numSequencePoints="6" visitedSequencePoints="6" numBranchPoints="0" visitedBranchPoints="0" sequenceCoverage="100.0" branchCoverage="0" maxCyclomaticComplexity="0" minCyclomaticComplexity="0" maxCrapScore="0" minCrapScore="0" visitedClasses="0" numClasses="0" visitedMethods="1" numMethods="1" />
              <MetadataToken>100663332</MetadataToken>
              <Name>System.Boolean Model.Weapons.UsableWeapon::IsUsable(Model.GameModel.Phase)</Name>
              <FileRef uid="5" />
              <SequencePoints>
                <SequencePoint vc="2" uspid="3337" ordinal="0" offset="0" sl="40" sc="9" el="40" ec="9" bec="0" bev="0" fileid="5" />
                <SequencePoint vc="2" uspid="3338" ordinal="0" offset="1" sl="41" sc="13" el="41" ec="13" bec="0" bev="0" fileid="5" />
                <SequencePoint vc="1" uspid="3339" ordinal="0" offset="9" sl="42" sc="13" el="42" ec="13" bec="0" bev="0" fileid="5" />
                <SequencePoint vc="1" uspid="3340" ordinal="0" offset="10" sl="43" sc="17" el="43" ec="17" bec="0" bev="0" fileid="5" />
                <SequencePoint vc="1" uspid="3341" ordinal="0" offset="19" sl="45" sc="13" el="45" ec="13" bec="0" bev="0" fileid="5" />
                <SequencePoint vc="2" uspid="3342" ordinal="0" offset="23" sl="46" sc="9" el="46" ec="9" bec="0" bev="0" fileid="5" />
              </SequencePoints>
              <BranchPoints />
            </Method>
            <Method visited="true" cyclomaticComplexity="0" nPathComplexity="0" sequenceCoverage="100.0" branchCoverage="0" crapScore="0" isConstructor="false" isStatic="false" isGetter="false" isSetter="false">
              <Summary numSequencePoints="1" visitedSequencePoints="1" numBranchPoints="0" visitedBranchPoints="0" sequenceCoverage="100.0" branchCoverage="0" maxCyclomaticComplexity="0" minCyclomaticComplexity="0" maxCrapScore="0" minCrapScore="0" visitedClasses="0" numClasses="0" visitedMethods="1" numMethods="1" />
              <MetadataToken>100663334</MetadataToken>
              <Name>System.Boolean Model.Weapons.UsableWeapon::&lt;Damage&gt;b__8_0[T](System.Int32)</Name>
              <FileRef uid="5" />
              <SequencePoints>
                <SequencePoint vc="10" uspid="3346" ordinal="0" offset="0" sl="27" sc="0" el="27" ec="0" bec="0" bev="0" fileid="5" />
              </SequencePoints>
              <BranchPoints />
            </Method>
            <Method visited="true" cyclomaticComplexity="0" nPathComplexity="0" sequenceCoverage="100.0" branchCoverage="0" crapScore="0" isConstructor="true" isStatic="false" isGetter="false" isSetter="false">
              <Summary numSequencePoints="5" visitedSequencePoints="5" numBranchPoints="0" visitedBranchPoints="0" sequenceCoverage="100.0" branchCoverage="0" maxCyclomaticComplexity="0" minCyclomaticComplexity="0" maxCrapScore="0" minCrapScore="0" visitedClasses="0" numClasses="0" visitedMethods="1" numMethods="1" />
              <MetadataToken>100663330</MetadataToken>
              <Name>Model.Weapons.UsableWeapon::UsableWeapon(Model.Weapons.UnitWeapon)</Name>
              <FileRef uid="5" />
              <SequencePoints>
                <SequencePoint vc="20" uspid="3347" ordinal="0" offset="0" sl="14" sc="9" el="14" ec="9" bec="0" bev="0" fileid="5" />
                <SequencePoint vc="20" uspid="3348" ordinal="0" offset="7" sl="15" sc="9" el="15" ec="9" bec="0" bev="0" fileid="5" />
                <SequencePoint vc="20" uspid="3349" ordinal="0" offset="8" sl="16" sc="13" el="16" ec="13" bec="0" bev="0" fileid="5" />
                <SequencePoint vc="20" uspid="3350" ordinal="0" offset="16" sl="17" sc="13" el="17" ec="13" bec="0" bev="0" fileid="5" />
                <SequencePoint vc="20" uspid="3351" ordinal="0" offset="23" sl="18" sc="9" el="18" ec="9" bec="0" bev="0" fileid="5" />
              </SequencePoints>
              <BranchPoints />
            </Method>
          </Methods>
        </Class>
        <Class>
          <Summary numSequencePoints="14" visitedSequencePoints="14" numBranchPoints="0" visitedBranchPoints="0" sequenceCoverage="100.0" branchCoverage="0.0" maxCyclomaticComplexity="0" minCyclomaticComplexity="0" maxCrapScore="0" minCrapScore="0" visitedClasses="1" numClasses="1" visitedMethods="1" numMethods="1" />
          <FullName>Model.Weapons.UsableWeapon&lt;Damage&gt;d__8[T]</FullName>
          <Methods>
            <Method visited="true" cyclomaticComplexity="0" nPathComplexity="0" sequenceCoverage="100.0" branchCoverage="0" crapScore="0" isConstructor="false" isStatic="false" isGetter="false" isSetter="false">
              <Summary numSequencePoints="14" visitedSequencePoints="14" numBranchPoints="0" visitedBranchPoints="0" sequenceCoverage="100.0" branchCoverage="0" maxCyclomaticComplexity="0" minCyclomaticComplexity="0" maxCrapScore="0" minCrapScore="0" visitedClasses="0" numClasses="0" visitedMethods="1" numMethods="1" />
              <MetadataToken>100663336</MetadataToken>
              <Name>System.Void Model.Weapons.UsableWeapon&lt;Damage&gt;d__8[T]::MoveNext()</Name>
              <FileRef uid="5" />
              <SequencePoints>
                <SequencePoint vc="3" uspid="3352" ordinal="0" offset="28" sl="21" sc="0" el="21" ec="0" bec="0" bev="0" fileid="5" />
                <SequencePoint vc="3" uspid="3353" ordinal="0" offset="29" sl="22" sc="0" el="22" ec="0" bec="0" bev="0" fileid="5" />
                <SequencePoint vc="3" uspid="3354" ordinal="0" offset="42" sl="24" sc="0" el="24" ec="0" bec="0" bev="0" fileid="5" />
                <SequencePoint vc="3" uspid="3355" ordinal="0" offset="86" sl="25" sc="0" el="25" ec="0" bec="0" bev="0" fileid="5" />
                <SequencePoint vc="3" uspid="3356" ordinal="0" offset="217" sl="27" sc="0" el="27" ec="0" bec="0" bev="0" fileid="5" />
                <SequencePoint vc="3" uspid="3357" ordinal="0" offset="251" sl="28" sc="0" el="28" ec="0" bec="0" bev="0" fileid="5" />
                <SequencePoint vc="3" uspid="3358" ordinal="0" offset="286" sl="29" sc="0" el="29" ec="0" bec="0" bev="0" fileid="5" />
                <SequencePoint vc="3" uspid="3359" ordinal="0" offset="287" sl="30" sc="0" el="30" ec="0" bec="0" bev="0" fileid="5" />
                <SequencePoint vc="3" uspid="3360" ordinal="0" offset="441" sl="31" sc="0" el="31" ec="0" bec="0" bev="0" fileid="5" />
                <SequencePoint vc="3" uspid="3361" ordinal="0" offset="460" sl="32" sc="0" el="32" ec="0" bec="0" bev="0" fileid="5" />
                <SequencePoint vc="3" uspid="3362" ordinal="0" offset="461" sl="34" sc="0" el="34" ec="0" bec="0" bev="0" fileid="5" />
                <SequencePoint vc="3" uspid="3363" ordinal="0" offset="495" sl="35" sc="0" el="35" ec="0" bec="0" bev="0" fileid="5" />
                <SequencePoint vc="3" uspid="3364" ordinal="0" offset="513" sl="36" sc="0" el="36" ec="0" bec="0" bev="0" fileid="5" />
                <SequencePoint vc="3" uspid="3365" ordinal="0" offset="562" sl="37" sc="0" el="37" ec="0" bec="0" bev="0" fileid="5" />
              </SequencePoints>
              <BranchPoints />
            </Method>
          </Methods>
        </Class>
        <Class>
          <Summary numSequencePoints="76" visitedSequencePoints="74" numBranchPoints="0" visitedBranchPoints="0" sequenceCoverage="97.37" branchCoverage="0.0" maxCyclomaticComplexity="0" minCyclomaticComplexity="0" maxCrapScore="0" minCrapScore="0" visitedClasses="1" numClasses="1" visitedMethods="24" numMethods="24" />
          <FullName>Model.UnityDependant.UnitModel</FullName>
          <Methods>
            <Method visited="true" cyclomaticComplexity="0" nPathComplexity="0" sequenceCoverage="100.0" branchCoverage="0" crapScore="0" isConstructor="false" isStatic="false" isGetter="true" isSetter="false">
              <Summary numSequencePoints="1" visitedSequencePoints="1" numBranchPoints="0" visitedBranchPoints="0" sequenceCoverage="100.0" branchCoverage="0" maxCyclomaticComplexity="0" minCyclomaticComplexity="0" maxCrapScore="0" minCrapScore="0" visitedClasses="0" numClasses="0" visitedMethods="1" numMethods="1" />
              <MetadataToken>100663354</MetadataToken>
              <Name>System.Collections.Generic.IReadOnlyList[UsableWeapon] Model.UnityDependant.UnitModel::get_UsableWeapons()</Name>
              <FileRef uid="6" />
              <SequencePoints>
                <SequencePoint vc="1" uspid="3366" ordinal="0" offset="0" sl="28" sc="61" el="28" ec="61" bec="0" bev="0" fileid="6" />
              </SequencePoints>
              <BranchPoints />
            </Method>
            <Method visited="true" cyclomaticComplexity="0" nPathComplexity="0" sequenceCoverage="100.0" branchCoverage="0" crapScore="0" isConstructor="false" isStatic="false" isGetter="false" isSetter="true">
              <Summary numSequencePoints="1" visitedSequencePoints="1" numBranchPoints="0" visitedBranchPoints="0" sequenceCoverage="100.0" branchCoverage="0" maxCyclomaticComplexity="0" minCyclomaticComplexity="0" maxCrapScore="0" minCrapScore="0" visitedClasses="0" numClasses="0" visitedMethods="1" numMethods="1" />
              <MetadataToken>100663355</MetadataToken>
              <Name>System.Void Model.UnityDependant.UnitModel::set_UsableWeapons(System.Collections.Generic.IReadOnlyList[UsableWeapon])</Name>
              <FileRef uid="6" />
              <SequencePoints>
                <SequencePoint vc="5" uspid="3367" ordinal="0" offset="0" sl="28" sc="66" el="28" ec="66" bec="0" bev="0" fileid="6" />
              </SequencePoints>
              <BranchPoints />
            </Method>
            <Method visited="true" cyclomaticComplexity="0" nPathComplexity="0" sequenceCoverage="100.0" branchCoverage="0" crapScore="0" isConstructor="false" isStatic="false" isGetter="false" isSetter="false">
              <Summary numSequencePoints="6" visitedSequencePoints="6" numBranchPoints="0" visitedBranchPoints="0" sequenceCoverage="100.0" branchCoverage="0" maxCyclomaticComplexity="0" minCyclomaticComplexity="0" maxCrapScore="0" minCrapScore="0" visitedClasses="0" numClasses="0" visitedMethods="1" numMethods="1" />
              <MetadataToken>100663356</MetadataToken>
              <Name>System.Boolean Model.UnityDependant.UnitModel::CanTarget(Model.Interfaces.IDamageable[Vector3])</Name>
              <FileRef uid="6" />
              <SequencePoints>
                <SequencePoint vc="3" uspid="3368" ordinal="0" offset="0" sl="31" sc="9" el="31" ec="9" bec="0" bev="0" fileid="6" />
                <SequencePoint vc="3" uspid="3369" ordinal="0" offset="1" sl="32" sc="13" el="32" ec="13" bec="0" bev="0" fileid="6" />
                <SequencePoint vc="2" uspid="3370" ordinal="0" offset="32" sl="33" sc="13" el="33" ec="13" bec="0" bev="0" fileid="6" />
                <SequencePoint vc="2" uspid="3371" ordinal="0" offset="33" sl="34" sc="17" el="34" ec="17" bec="0" bev="0" fileid="6" />
                <SequencePoint vc="1" uspid="3372" ordinal="0" offset="37" sl="36" sc="13" el="36" ec="13" bec="0" bev="0" fileid="6" />
                <SequencePoint vc="3" uspid="3373" ordinal="0" offset="41" sl="37" sc="9" el="37" ec="9" bec="0" bev="0" fileid="6" />
              </SequencePoints>
              <BranchPoints />
            </Method>
            <Method visited="true" cyclomaticComplexity="0" nPathComplexity="0" sequenceCoverage="100.0" branchCoverage="0" crapScore="0" isConstructor="false" isStatic="false" isGetter="true" isSetter="false">
              <Summary numSequencePoints="1" visitedSequencePoints="1" numBranchPoints="0" visitedBranchPoints="0" sequenceCoverage="100.0" branchCoverage="0" maxCyclomaticComplexity="0" minCyclomaticComplexity="0" maxCrapScore="0" minCrapScore="0" visitedClasses="0" numClasses="0" visitedMethods="1" numMethods="1" />
              <MetadataToken>100663363</MetadataToken>
              <Name>System.Boolean Model.UnityDependant.UnitModel::get_Alive()</Name>
              <FileRef uid="6" />
              <SequencePoints>
                <SequencePoint vc="3" uspid="3396" ordinal="0" offset="0" sl="73" sc="29" el="73" ec="29" bec="0" bev="0" fileid="6" />
              </SequencePoints>
              <BranchPoints />
            </Method>
            <Method visited="true" cyclomaticComplexity="0" nPathComplexity="0" sequenceCoverage="100.0" branchCoverage="0" crapScore="0" isConstructor="false" isStatic="false" isGetter="false" isSetter="true">
              <Summary numSequencePoints="1" visitedSequencePoints="1" numBranchPoints="0" visitedBranchPoints="0" sequenceCoverage="100.0" branchCoverage="0" maxCyclomaticComplexity="0" minCyclomaticComplexity="0" maxCrapScore="0" minCrapScore="0" visitedClasses="0" numClasses="0" visitedMethods="1" numMethods="1" />
              <MetadataToken>100663364</MetadataToken>
              <Name>System.Void Model.UnityDependant.UnitModel::set_Alive(System.Boolean)</Name>
              <FileRef uid="6" />
              <SequencePoints>
                <SequencePoint vc="6" uspid="3397" ordinal="0" offset="0" sl="73" sc="34" el="73" ec="34" bec="0" bev="0" fileid="6" />
              </SequencePoints>
              <BranchPoints />
            </Method>
            <Method visited="true" cyclomaticComplexity="0" nPathComplexity="0" sequenceCoverage="100.0" branchCoverage="0" crapScore="0" isConstructor="false" isStatic="false" isGetter="true" isSetter="false">
              <Summary numSequencePoints="1" visitedSequencePoints="1" numBranchPoints="0" visitedBranchPoints="0" sequenceCoverage="100.0" branchCoverage="0" maxCyclomaticComplexity="0" minCyclomaticComplexity="0" maxCrapScore="0" minCrapScore="0" visitedClasses="0" numClasses="0" visitedMethods="1" numMethods="1" />
              <MetadataToken>100663365</MetadataToken>
              <Name>System.Int32 Model.UnityDependant.UnitModel::get_CurrentHP()</Name>
              <FileRef uid="6" />
              <SequencePoints>
                <SequencePoint vc="8" uspid="3398" ordinal="0" offset="0" sl="74" sc="32" el="74" ec="32" bec="0" bev="0" fileid="6" />
              </SequencePoints>
              <BranchPoints />
            </Method>
            <Method visited="true" cyclomaticComplexity="0" nPathComplexity="0" sequenceCoverage="100.0" branchCoverage="0" crapScore="0" isConstructor="false" isStatic="false" isGetter="false" isSetter="true">
              <Summary numSequencePoints="1" visitedSequencePoints="1" numBranchPoints="0" visitedBranchPoints="0" sequenceCoverage="100.0" branchCoverage="0" maxCyclomaticComplexity="0" minCyclomaticComplexity="0" maxCrapScore="0" minCrapScore="0" visitedClasses="0" numClasses="0" visitedMethods="1" numMethods="1" />
              <MetadataToken>100663366</MetadataToken>
              <Name>System.Void Model.UnityDependant.UnitModel::set_CurrentHP(System.Int32)</Name>
              <FileRef uid="6" />
              <SequencePoints>
                <SequencePoint vc="7" uspid="3399" ordinal="0" offset="0" sl="74" sc="37" el="74" ec="37" bec="0" bev="0" fileid="6" />
              </SequencePoints>
              <BranchPoints />
            </Method>
            <Method visited="true" cyclomaticComplexity="0" nPathComplexity="0" sequenceCoverage="100.0" branchCoverage="0" crapScore="0" isConstructor="false" isStatic="false" isGetter="false" isSetter="false">
              <Summary numSequencePoints="8" visitedSequencePoints="8" numBranchPoints="0" visitedBranchPoints="0" sequenceCoverage="100.0" branchCoverage="0" maxCyclomaticComplexity="0" minCyclomaticComplexity="0" maxCrapScore="0" minCrapScore="0" visitedClasses="0" numClasses="0" visitedMethods="1" numMethods="1" />
              <MetadataToken>100663367</MetadataToken>
              <Name>System.Void Model.UnityDependant.UnitModel::TakeDamage(System.Int32)</Name>
              <FileRef uid="6" />
              <SequencePoints>
                <SequencePoint vc="2" uspid="3400" ordinal="0" offset="0" sl="77" sc="9" el="77" ec="9" bec="0" bev="0" fileid="6" />
                <SequencePoint vc="2" uspid="3401" ordinal="0" offset="1" sl="78" sc="13" el="78" ec="13" bec="0" bev="0" fileid="6" />
                <SequencePoint vc="2" uspid="3402" ordinal="0" offset="22" sl="79" sc="13" el="79" ec="13" bec="0" bev="0" fileid="6" />
                <SequencePoint vc="2" uspid="3403" ordinal="0" offset="42" sl="80" sc="13" el="80" ec="13" bec="0" bev="0" fileid="6" />
                <SequencePoint vc="1" uspid="3404" ordinal="0" offset="58" sl="81" sc="13" el="81" ec="13" bec="0" bev="0" fileid="6" />
                <SequencePoint vc="1" uspid="3405" ordinal="0" offset="59" sl="82" sc="17" el="82" ec="17" bec="0" bev="0" fileid="6" />
                <SequencePoint vc="1" uspid="3406" ordinal="0" offset="66" sl="83" sc="13" el="83" ec="13" bec="0" bev="0" fileid="6" />
                <SequencePoint vc="2" uspid="3407" ordinal="0" offset="67" sl="84" sc="9" el="84" ec="9" bec="0" bev="0" fileid="6" />
              </SequencePoints>
              <BranchPoints />
            </Method>
            <Method visited="true" cyclomaticComplexity="0" nPathComplexity="0" sequenceCoverage="100.0" branchCoverage="0" crapScore="0" isConstructor="false" isStatic="false" isGetter="false" isSetter="false">
              <Summary numSequencePoints="5" visitedSequencePoints="5" numBranchPoints="0" visitedBranchPoints="0" sequenceCoverage="100.0" branchCoverage="0" maxCyclomaticComplexity="0" minCyclomaticComplexity="0" maxCrapScore="0" minCrapScore="0" visitedClasses="0" numClasses="0" visitedMethods="1" numMethods="1" />
              <MetadataToken>100663368</MetadataToken>
              <Name>System.Void Model.UnityDependant.UnitModel::Die()</Name>
              <FileRef uid="6" />
              <SequencePoints>
                <SequencePoint vc="1" uspid="3408" ordinal="0" offset="0" sl="87" sc="9" el="87" ec="9" bec="0" bev="0" fileid="6" />
                <SequencePoint vc="1" uspid="3409" ordinal="0" offset="1" sl="88" sc="13" el="88" ec="13" bec="0" bev="0" fileid="6" />
                <SequencePoint vc="1" uspid="3410" ordinal="0" offset="9" sl="90" sc="13" el="90" ec="13" bec="0" bev="0" fileid="6" />
                <SequencePoint vc="1" uspid="3411" ordinal="0" offset="33" sl="91" sc="13" el="91" ec="13" bec="0" bev="0" fileid="6" />
                <SequencePoint vc="1" uspid="3412" ordinal="0" offset="56" sl="92" sc="9" el="92" ec="9" bec="0" bev="0" fileid="6" />
              </SequencePoints>
              <BranchPoints />
            </Method>
            <Method visited="true" cyclomaticComplexity="0" nPathComplexity="0" sequenceCoverage="100.0" branchCoverage="0" crapScore="0" isConstructor="false" isStatic="false" isGetter="true" isSetter="false">
              <Summary numSequencePoints="3" visitedSequencePoints="3" numBranchPoints="0" visitedBranchPoints="0" sequenceCoverage="100.0" branchCoverage="0" maxCyclomaticComplexity="0" minCyclomaticComplexity="0" maxCrapScore="0" minCrapScore="0" visitedClasses="0" numClasses="0" visitedMethods="1" numMethods="1" />
              <MetadataToken>100663371</MetadataToken>
              <Name>UnityEngine.Vector3 Model.UnityDependant.UnitModel::get_Position()</Name>
              <FileRef uid="6" />
              <SequencePoints>
                <SequencePoint vc="2" uspid="3416" ordinal="0" offset="0" sl="117" sc="17" el="117" ec="17" bec="0" bev="0" fileid="6" />
                <SequencePoint vc="2" uspid="3417" ordinal="0" offset="1" sl="117" sc="19" el="117" ec="19" bec="0" bev="0" fileid="6" />
                <SequencePoint vc="2" uspid="3418" ordinal="0" offset="15" sl="117" sc="46" el="117" ec="46" bec="0" bev="0" fileid="6" />
              </SequencePoints>
              <BranchPoints />
            </Method>
            <Method visited="true" cyclomaticComplexity="0" nPathComplexity="0" sequenceCoverage="100.0" branchCoverage="0" crapScore="0" isConstructor="false" isStatic="false" isGetter="false" isSetter="true">
              <Summary numSequencePoints="3" visitedSequencePoints="3" numBranchPoints="0" visitedBranchPoints="0" sequenceCoverage="100.0" branchCoverage="0" maxCyclomaticComplexity="0" minCyclomaticComplexity="0" maxCrapScore="0" minCrapScore="0" visitedClasses="0" numClasses="0" visitedMethods="1" numMethods="1" />
              <MetadataToken>100663372</MetadataToken>
              <Name>System.Void Model.UnityDependant.UnitModel::set_Position(UnityEngine.Vector3)</Name>
              <FileRef uid="6" />
              <SequencePoints>
                <SequencePoint vc="5" uspid="3419" ordinal="0" offset="0" sl="119" sc="13" el="119" ec="13" bec="0" bev="0" fileid="6" />
                <SequencePoint vc="5" uspid="3420" ordinal="0" offset="1" sl="120" sc="17" el="120" ec="17" bec="0" bev="0" fileid="6" />
                <SequencePoint vc="5" uspid="3421" ordinal="0" offset="14" sl="121" sc="13" el="121" ec="13" bec="0" bev="0" fileid="6" />
              </SequencePoints>
              <BranchPoints />
            </Method>
            <Method visited="true" cyclomaticComplexity="0" nPathComplexity="0" sequenceCoverage="100.0" branchCoverage="0" crapScore="0" isConstructor="false" isStatic="false" isGetter="false" isSetter="false">
              <Summary numSequencePoints="3" visitedSequencePoints="3" numBranchPoints="0" visitedBranchPoints="0" sequenceCoverage="100.0" branchCoverage="0" maxCyclomaticComplexity="0" minCyclomaticComplexity="0" maxCrapScore="0" minCrapScore="0" visitedClasses="0" numClasses="0" visitedMethods="1" numMethods="1" />
              <MetadataToken>100663373</MetadataToken>
              <Name>System.Single Model.UnityDependant.UnitModel::DistanceTo(Model.Interfaces.IMapObject[Vector3])</Name>
              <FileRef uid="6" />
              <SequencePoints>
                <SequencePoint vc="1" uspid="3422" ordinal="0" offset="0" sl="125" sc="9" el="125" ec="9" bec="0" bev="0" fileid="6" />
                <SequencePoint vc="1" uspid="3423" ordinal="0" offset="1" sl="126" sc="13" el="126" ec="13" bec="0" bev="0" fileid="6" />
                <SequencePoint vc="1" uspid="3424" ordinal="0" offset="21" sl="127" sc="9" el="127" ec="9" bec="0" bev="0" fileid="6" />
              </SequencePoints>
              <BranchPoints />
            </Method>
            <Method visited="true" cyclomaticComplexity="0" nPathComplexity="0" sequenceCoverage="100.0" branchCoverage="0" crapScore="0" isConstructor="false" isStatic="false" isGetter="true" isSetter="false">
              <Summary numSequencePoints="1" visitedSequencePoints="1" numBranchPoints="0" visitedBranchPoints="0" sequenceCoverage="100.0" branchCoverage="0" maxCyclomaticComplexity="0" minCyclomaticComplexity="0" maxCrapScore="0" minCrapScore="0" visitedClasses="0" numClasses="0" visitedMethods="1" numMethods="1" />
              <MetadataToken>100663374</MetadataToken>
              <Name>UnityEngine.AI.NavMeshAgent Model.UnityDependant.UnitModel::get_NavAgent()</Name>
              <FileRef uid="6" />
              <SequencePoints>
                <SequencePoint vc="20" uspid="3425" ordinal="0" offset="0" sl="131" sc="41" el="131" ec="41" bec="0" bev="0" fileid="6" />
              </SequencePoints>
              <BranchPoints />
            </Method>
            <Method visited="true" cyclomaticComplexity="0" nPathComplexity="0" sequenceCoverage="100.0" branchCoverage="0" crapScore="0" isConstructor="false" isStatic="false" isGetter="false" isSetter="true">
              <Summary numSequencePoints="1" visitedSequencePoints="1" numBranchPoints="0" visitedBranchPoints="0" sequenceCoverage="100.0" branchCoverage="0" maxCyclomaticComplexity="0" minCyclomaticComplexity="0" maxCrapScore="0" minCrapScore="0" visitedClasses="0" numClasses="0" visitedMethods="1" numMethods="1" />
              <MetadataToken>100663375</MetadataToken>
              <Name>System.Void Model.UnityDependant.UnitModel::set_NavAgent(UnityEngine.AI.NavMeshAgent)</Name>
              <FileRef uid="6" />
              <SequencePoints>
                <SequencePoint vc="5" uspid="3426" ordinal="0" offset="0" sl="131" sc="46" el="131" ec="46" bec="0" bev="0" fileid="6" />
              </SequencePoints>
              <BranchPoints />
            </Method>
            <Method visited="true" cyclomaticComplexity="0" nPathComplexity="0" sequenceCoverage="100.0" branchCoverage="0" crapScore="0" isConstructor="false" isStatic="false" isGetter="false" isSetter="true">
              <Summary numSequencePoints="1" visitedSequencePoints="1" numBranchPoints="0" visitedBranchPoints="0" sequenceCoverage="100.0" branchCoverage="0" maxCyclomaticComplexity="0" minCyclomaticComplexity="0" maxCrapScore="0" minCrapScore="0" visitedClasses="0" numClasses="0" visitedMethods="1" numMethods="1" />
              <MetadataToken>100663379</MetadataToken>
              <Name>System.Void Model.UnityDependant.UnitModel::set_CanMove(System.Boolean)</Name>
              <FileRef uid="6" />
              <SequencePoints>
                <SequencePoint vc="5" uspid="3428" ordinal="0" offset="0" sl="135" sc="36" el="135" ec="36" bec="0" bev="0" fileid="6" />
              </SequencePoints>
              <BranchPoints />
            </Method>
            <Method visited="true" cyclomaticComplexity="0" nPathComplexity="0" sequenceCoverage="100.0" branchCoverage="0" crapScore="0" isConstructor="false" isStatic="false" isGetter="false" isSetter="false">
              <Summary numSequencePoints="3" visitedSequencePoints="3" numBranchPoints="0" visitedBranchPoints="0" sequenceCoverage="100.0" branchCoverage="0" maxCyclomaticComplexity="0" minCyclomaticComplexity="0" maxCrapScore="0" minCrapScore="0" visitedClasses="0" numClasses="0" visitedMethods="1" numMethods="1" />
              <MetadataToken>100663384</MetadataToken>
              <Name>System.Void Model.UnityDependant.UnitModel::SetSelected(System.Boolean)</Name>
              <FileRef uid="6" />
              <SequencePoints>
                <SequencePoint vc="3" uspid="3469" ordinal="0" offset="0" sl="209" sc="9" el="209" ec="9" bec="0" bev="0" fileid="6" />
                <SequencePoint vc="3" uspid="3470" ordinal="0" offset="1" sl="210" sc="13" el="210" ec="13" bec="0" bev="0" fileid="6" />
                <SequencePoint vc="3" uspid="3471" ordinal="0" offset="21" sl="211" sc="9" el="211" ec="9" bec="0" bev="0" fileid="6" />
              </SequencePoints>
              <BranchPoints />
            </Method>
            <Method visited="true" cyclomaticComplexity="0" nPathComplexity="0" sequenceCoverage="100.0" branchCoverage="0" crapScore="0" isConstructor="false" isStatic="false" isGetter="true" isSetter="false">
              <Summary numSequencePoints="1" visitedSequencePoints="1" numBranchPoints="0" visitedBranchPoints="0" sequenceCoverage="100.0" branchCoverage="0" maxCyclomaticComplexity="0" minCyclomaticComplexity="0" maxCrapScore="0" minCrapScore="0" visitedClasses="0" numClasses="0" visitedMethods="1" numMethods="1" />
              <MetadataToken>100663385</MetadataToken>
              <Name>System.UInt64 Model.UnityDependant.UnitModel::get_Owner()</Name>
              <FileRef uid="6" />
              <SequencePoints>
                <SequencePoint vc="2" uspid="3472" ordinal="0" offset="0" sl="216" sc="30" el="216" ec="30" bec="0" bev="0" fileid="6" />
              </SequencePoints>
              <BranchPoints />
            </Method>
            <Method visited="true" cyclomaticComplexity="0" nPathComplexity="0" sequenceCoverage="100.0" branchCoverage="0" crapScore="0" isConstructor="false" isStatic="false" isGetter="false" isSetter="true">
              <Summary numSequencePoints="1" visitedSequencePoints="1" numBranchPoints="0" visitedBranchPoints="0" sequenceCoverage="100.0" branchCoverage="0" maxCyclomaticComplexity="0" minCyclomaticComplexity="0" maxCrapScore="0" minCrapScore="0" visitedClasses="0" numClasses="0" visitedMethods="1" numMethods="1" />
              <MetadataToken>100663386</MetadataToken>
              <Name>System.Void Model.UnityDependant.UnitModel::set_Owner(System.UInt64)</Name>
              <FileRef uid="6" />
              <SequencePoints>
                <SequencePoint vc="5" uspid="3473" ordinal="0" offset="0" sl="216" sc="35" el="216" ec="35" bec="0" bev="0" fileid="6" />
              </SequencePoints>
              <BranchPoints />
            </Method>
            <Method visited="true" cyclomaticComplexity="0" nPathComplexity="0" sequenceCoverage="66.67" branchCoverage="0" crapScore="0" isConstructor="false" isStatic="false" isGetter="true" isSetter="false">
              <Summary numSequencePoints="6" visitedSequencePoints="4" numBranchPoints="0" visitedBranchPoints="0" sequenceCoverage="66.67" branchCoverage="0" maxCyclomaticComplexity="0" minCyclomaticComplexity="0" maxCrapScore="0" minCrapScore="0" visitedClasses="0" numClasses="0" visitedMethods="1" numMethods="1" />
              <MetadataToken>100663387</MetadataToken>
              <Name>Model.Side Model.UnityDependant.UnitModel::get_Side()</Name>
              <FileRef uid="6" />
              <SequencePoints>
                <SequencePoint vc="3" uspid="3474" ordinal="0" offset="0" sl="224" sc="13" el="224" ec="13" bec="0" bev="0" fileid="6" />
                <SequencePoint vc="3" uspid="3475" ordinal="0" offset="1" sl="225" sc="17" el="225" ec="17" bec="0" bev="0" fileid="6" />
                <SequencePoint vc="0" uspid="3476" ordinal="0" offset="14" sl="226" sc="17" el="226" ec="17" bec="0" bev="0" fileid="6" />
                <SequencePoint vc="0" uspid="3477" ordinal="0" offset="15" sl="227" sc="21" el="227" ec="21" bec="0" bev="0" fileid="6" />
                <SequencePoint vc="3" uspid="3478" ordinal="0" offset="26" sl="229" sc="17" el="229" ec="17" bec="0" bev="0" fileid="6" />
                <SequencePoint vc="3" uspid="3479" ordinal="0" offset="40" sl="230" sc="13" el="230" ec="13" bec="0" bev="0" fileid="6" />
              </SequencePoints>
              <BranchPoints />
            </Method>
            <Method visited="true" cyclomaticComplexity="0" nPathComplexity="0" sequenceCoverage="100.0" branchCoverage="0" crapScore="0" isConstructor="false" isStatic="false" isGetter="true" isSetter="false">
              <Summary numSequencePoints="1" visitedSequencePoints="1" numBranchPoints="0" visitedBranchPoints="0" sequenceCoverage="100.0" branchCoverage="0" maxCyclomaticComplexity="0" minCyclomaticComplexity="0" maxCrapScore="0" minCrapScore="0" visitedClasses="0" numClasses="0" visitedMethods="1" numMethods="1" />
              <MetadataToken>100663388</MetadataToken>
              <Name>Model.Units.UnitIdentifier Model.UnityDependant.UnitModel::get_Identity()</Name>
              <FileRef uid="6" />
              <SequencePoints>
                <SequencePoint vc="1" uspid="3480" ordinal="0" offset="0" sl="237" sc="42" el="237" ec="42" bec="0" bev="0" fileid="6" />
              </SequencePoints>
              <BranchPoints />
            </Method>
            <Method visited="true" cyclomaticComplexity="0" nPathComplexity="0" sequenceCoverage="100.0" branchCoverage="0" crapScore="0" isConstructor="false" isStatic="false" isGetter="false" isSetter="true">
              <Summary numSequencePoints="1" visitedSequencePoints="1" numBranchPoints="0" visitedBranchPoints="0" sequenceCoverage="100.0" branchCoverage="0" maxCyclomaticComplexity="0" minCyclomaticComplexity="0" maxCrapScore="0" minCrapScore="0" visitedClasses="0" numClasses="0" visitedMethods="1" numMethods="1" />
              <MetadataToken>100663389</MetadataToken>
              <Name>System.Void Model.UnityDependant.UnitModel::set_Identity(Model.Units.UnitIdentifier)</Name>
              <FileRef uid="6" />
              <SequencePoints>
                <SequencePoint vc="5" uspid="3481" ordinal="0" offset="0" sl="237" sc="47" el="237" ec="47" bec="0" bev="0" fileid="6" />
              </SequencePoints>
              <BranchPoints />
            </Method>
            <Method visited="true" cyclomaticComplexity="0" nPathComplexity="0" sequenceCoverage="100.0" branchCoverage="0" crapScore="0" isConstructor="false" isStatic="false" isGetter="true" isSetter="false">
              <Summary numSequencePoints="1" visitedSequencePoints="1" numBranchPoints="0" visitedBranchPoints="0" sequenceCoverage="100.0" branchCoverage="0" maxCyclomaticComplexity="0" minCyclomaticComplexity="0" maxCrapScore="0" minCrapScore="0" visitedClasses="0" numClasses="0" visitedMethods="1" numMethods="1" />
              <MetadataToken>100663390</MetadataToken>
              <Name>Model.Units.UnitConstants Model.UnityDependant.UnitModel::get_Constants()</Name>
              <FileRef uid="6" />
              <SequencePoints>
                <SequencePoint vc="23" uspid="3482" ordinal="0" offset="0" sl="239" sc="43" el="239" ec="43" bec="0" bev="0" fileid="6" />
              </SequencePoints>
              <BranchPoints />
            </Method>
            <Method visited="true" cyclomaticComplexity="0" nPathComplexity="0" sequenceCoverage="100.0" branchCoverage="0" crapScore="0" isConstructor="false" isStatic="false" isGetter="false" isSetter="true">
              <Summary numSequencePoints="1" visitedSequencePoints="1" numBranchPoints="0" visitedBranchPoints="0" sequenceCoverage="100.0" branchCoverage="0" maxCyclomaticComplexity="0" minCyclomaticComplexity="0" maxCrapScore="0" minCrapScore="0" visitedClasses="0" numClasses="0" visitedMethods="1" numMethods="1" />
              <MetadataToken>100663391</MetadataToken>
              <Name>System.Void Model.UnityDependant.UnitModel::set_Constants(Model.Units.UnitConstants)</Name>
              <FileRef uid="6" />
              <SequencePoints>
                <SequencePoint vc="5" uspid="3483" ordinal="0" offset="0" sl="239" sc="48" el="239" ec="48" bec="0" bev="0" fileid="6" />
              </SequencePoints>
              <BranchPoints />
            </Method>
            <Method visited="true" cyclomaticComplexity="0" nPathComplexity="0" sequenceCoverage="100.0" branchCoverage="0" crapScore="0" isConstructor="false" isStatic="false" isGetter="false" isSetter="false">
              <Summary numSequencePoints="24" visitedSequencePoints="24" numBranchPoints="0" visitedBranchPoints="0" sequenceCoverage="100.0" branchCoverage="0" maxCyclomaticComplexity="0" minCyclomaticComplexity="0" maxCrapScore="0" minCrapScore="0" visitedClasses="0" numClasses="0" visitedMethods="1" numMethods="1" />
              <MetadataToken>100663394</MetadataToken>
              <Name>System.Void Model.UnityDependant.UnitModel::SetupData(System.UInt64, Model.Units.UnitIdentifier, Model.Units.UnitConstants, UnityEngine.Vector3)</Name>
              <FileRef uid="6" />
              <SequencePoints>
                <SequencePoint vc="5" uspid="3484" ordinal="0" offset="0" sl="248" sc="9" el="248" ec="9" bec="0" bev="0" fileid="6" />
                <SequencePoint vc="5" uspid="3485" ordinal="0" offset="1" sl="249" sc="13" el="249" ec="13" bec="0" bev="0" fileid="6" />
                <SequencePoint vc="5" uspid="3486" ordinal="0" offset="9" sl="250" sc="13" el="250" ec="13" bec="0" bev="0" fileid="6" />
                <SequencePoint vc="5" uspid="3487" ordinal="0" offset="17" sl="251" sc="13" el="251" ec="13" bec="0" bev="0" fileid="6" />
                <SequencePoint vc="5" uspid="3488" ordinal="0" offset="25" sl="252" sc="13" el="252" ec="13" bec="0" bev="0" fileid="6" />
                <SequencePoint vc="5" uspid="3489" ordinal="0" offset="33" sl="253" sc="13" el="253" ec="13" bec="0" bev="0" fileid="6" />
                <SequencePoint vc="5" uspid="3490" ordinal="0" offset="42" sl="254" sc="13" el="254" ec="13" bec="0" bev="0" fileid="6" />
                <SequencePoint vc="5" uspid="3491" ordinal="0" offset="60" sl="255" sc="13" el="255" ec="13" bec="0" bev="0" fileid="6" />
                <SequencePoint vc="5" uspid="3492" ordinal="0" offset="68" sl="257" sc="13" el="257" ec="13" bec="0" bev="0" fileid="6" />
                <SequencePoint vc="5" uspid="3493" ordinal="0" offset="86" sl="258" sc="13" el="258" ec="13" bec="0" bev="0" fileid="6" />
                <SequencePoint vc="5" uspid="3494" ordinal="0" offset="103" sl="259" sc="13" el="259" ec="13" bec="0" bev="0" fileid="6" />
                <SequencePoint vc="5" uspid="3495" ordinal="0" offset="120" sl="260" sc="13" el="260" ec="13" bec="0" bev="0" fileid="6" />
                <SequencePoint vc="5" uspid="3496" ordinal="0" offset="137" sl="264" sc="13" el="264" ec="13" bec="0" bev="0" fileid="6" />
                <SequencePoint vc="5" uspid="3497" ordinal="0" offset="154" sl="266" sc="13" el="266" ec="13" bec="0" bev="0" fileid="6" />
                <SequencePoint vc="5" uspid="3498" ordinal="0" offset="178" sl="267" sc="13" el="267" ec="13" bec="0" bev="0" fileid="6" />
                <SequencePoint vc="5" uspid="3499" ordinal="0" offset="184" sl="268" sc="13" el="268" ec="13" bec="0" bev="0" fileid="6" />
                <SequencePoint vc="5" uspid="3500" ordinal="0" offset="185" sl="268" sc="38" el="268" ec="38" bec="0" bev="0" fileid="6" />
                <SequencePoint vc="15" uspid="3501" ordinal="0" offset="204" sl="268" sc="22" el="268" ec="22" bec="0" bev="0" fileid="6" />
                <SequencePoint vc="15" uspid="3502" ordinal="0" offset="211" sl="269" sc="13" el="269" ec="13" bec="0" bev="0" fileid="6" />
                <SequencePoint vc="15" uspid="3503" ordinal="0" offset="212" sl="270" sc="17" el="270" ec="17" bec="0" bev="0" fileid="6" />
                <SequencePoint vc="15" uspid="3504" ordinal="0" offset="225" sl="271" sc="13" el="271" ec="13" bec="0" bev="0" fileid="6" />
                <SequencePoint vc="20" uspid="3505" ordinal="0" offset="226" sl="268" sc="35" el="268" ec="35" bec="0" bev="0" fileid="6" />
                <SequencePoint vc="5" uspid="3506" ordinal="0" offset="247" sl="272" sc="13" el="272" ec="13" bec="0" bev="0" fileid="6" />
                <SequencePoint vc="5" uspid="3507" ordinal="0" offset="255" sl="273" sc="9" el="273" ec="9" bec="0" bev="0" fileid="6" />
              </SequencePoints>
              <BranchPoints />
            </Method>
          </Methods>
        </Class>
        <Class>
          <Summary numSequencePoints="1" visitedSequencePoints="1" numBranchPoints="0" visitedBranchPoints="0" sequenceCoverage="100.0" branchCoverage="0.0" maxCyclomaticComplexity="0" minCyclomaticComplexity="0" maxCrapScore="0" minCrapScore="0" visitedClasses="1" numClasses="1" visitedMethods="1" numMethods="1" />
          <FullName>Model.UnityDependant.UnitModel/&lt;&gt;c__DisplayClass27_0</FullName>
          <Methods>
            <Method visited="true" cyclomaticComplexity="0" nPathComplexity="0" sequenceCoverage="100.0" branchCoverage="0" crapScore="0" isConstructor="false" isStatic="false" isGetter="false" isSetter="false">
              <Summary numSequencePoints="1" visitedSequencePoints="1" numBranchPoints="0" visitedBranchPoints="0" sequenceCoverage="100.0" branchCoverage="0" maxCyclomaticComplexity="0" minCyclomaticComplexity="0" maxCrapScore="0" minCrapScore="0" visitedClasses="0" numClasses="0" visitedMethods="1" numMethods="1" />
              <MetadataToken>100663397</MetadataToken>
              <Name>System.Boolean Model.UnityDependant.UnitModel/&lt;&gt;c__DisplayClass27_0::&lt;ArmorSave&gt;b__0(System.Int32)</Name>
              <FileRef uid="6" />
              <SequencePoints>
                <SequencePoint vc="18" uspid="3508" ordinal="0" offset="0" sl="108" sc="48" el="108" ec="48" bec="0" bev="0" fileid="6" />
              </SequencePoints>
              <BranchPoints />
            </Method>
          </Methods>
        </Class>
        <Class>
          <Summary numSequencePoints="8" visitedSequencePoints="6" numBranchPoints="0" visitedBranchPoints="0" sequenceCoverage="75.00" branchCoverage="0.0" maxCyclomaticComplexity="0" minCyclomaticComplexity="0" maxCrapScore="0" minCrapScore="0" visitedClasses="1" numClasses="1" visitedMethods="1" numMethods="1" />
          <FullName>Model.UnityDependant.UnitModel/&lt;ArmorSave&gt;d__27</FullName>
          <Methods>
            <Method visited="true" cyclomaticComplexity="0" nPathComplexity="0" sequenceCoverage="75.00" branchCoverage="0" crapScore="0" isConstructor="false" isStatic="false" isGetter="false" isSetter="false">
              <Summary numSequencePoints="8" visitedSequencePoints="6" numBranchPoints="0" visitedBranchPoints="0" sequenceCoverage="75.00" branchCoverage="0" maxCyclomaticComplexity="0" minCyclomaticComplexity="0" maxCrapScore="0" minCrapScore="0" visitedClasses="0" numClasses="0" visitedMethods="1" numMethods="1" />
              <MetadataToken>100663401</MetadataToken>
              <Name>System.Void Model.UnityDependant.UnitModel/&lt;ArmorSave&gt;d__27::MoveNext()</Name>
              <FileRef uid="6" />
              <SequencePoints>
                <SequencePoint vc="3" uspid="3510" ordinal="0" offset="25" sl="104" sc="9" el="104" ec="9" bec="0" bev="0" fileid="6" />
                <SequencePoint vc="3" uspid="3511" ordinal="0" offset="26" sl="105" sc="13" el="105" ec="13" bec="0" bev="0" fileid="6" />
                <SequencePoint vc="0" uspid="3512" ordinal="0" offset="67" sl="105" sc="13" el="105" ec="13" bec="0" bev="0" fileid="6" />
                <SequencePoint vc="0" uspid="3513" ordinal="0" offset="97" sl="105" sc="13" el="105" ec="13" bec="0" bev="0" fileid="6" />
                <SequencePoint vc="3" uspid="3514" ordinal="0" offset="157" sl="107" sc="13" el="107" ec="13" bec="0" bev="0" fileid="6" />
                <SequencePoint vc="3" uspid="3515" ordinal="0" offset="207" sl="108" sc="13" el="108" ec="13" bec="0" bev="0" fileid="6" />
                <SequencePoint vc="3" uspid="3516" ordinal="0" offset="241" sl="109" sc="13" el="109" ec="13" bec="0" bev="0" fileid="6" />
                <SequencePoint vc="3" uspid="3517" ordinal="0" offset="290" sl="110" sc="9" el="110" ec="9" bec="0" bev="0" fileid="6" />
              </SequencePoints>
              <BranchPoints />
            </Method>
          </Methods>
        </Class>
        <Class>
          <Summary numSequencePoints="122" visitedSequencePoints="122" numBranchPoints="0" visitedBranchPoints="0" sequenceCoverage="100.0" branchCoverage="0.0" maxCyclomaticComplexity="0" minCyclomaticComplexity="0" maxCrapScore="0" minCrapScore="0" visitedClasses="1" numClasses="1" visitedMethods="13" numMethods="13" />
          <FullName>Model.Lobby.LobbyModel[PlayerIdType]</FullName>
          <Methods>
            <Method visited="true" cyclomaticComplexity="0" nPathComplexity="0" sequenceCoverage="100.0" branchCoverage="0" crapScore="0" isConstructor="false" isStatic="false" isGetter="true" isSetter="false">
              <Summary numSequencePoints="1" visitedSequencePoints="1" numBranchPoints="0" visitedBranchPoints="0" sequenceCoverage="100.0" branchCoverage="0" maxCyclomaticComplexity="0" minCyclomaticComplexity="0" maxCrapScore="0" minCrapScore="0" visitedClasses="0" numClasses="0" visitedMethods="1" numMethods="1" />
              <MetadataToken>100663439</MetadataToken>
              <Name>System.Collections.Generic.Dictionary[PlayerIdType,LobbyPlayerData] Model.Lobby.LobbyModel[PlayerIdType]::get_ConnectedClients()</Name>
              <FileRef uid="7" />
              <SequencePoints>
                <SequencePoint vc="71" uspid="3527" ordinal="0" offset="0" sl="16" sc="0" el="16" ec="0" bec="0" bev="0" fileid="7" />
              </SequencePoints>
              <BranchPoints />
            </Method>
            <Method visited="true" cyclomaticComplexity="0" nPathComplexity="0" sequenceCoverage="100.0" branchCoverage="0" crapScore="0" isConstructor="false" isStatic="false" isGetter="false" isSetter="true">
              <Summary numSequencePoints="1" visitedSequencePoints="1" numBranchPoints="0" visitedBranchPoints="0" sequenceCoverage="100.0" branchCoverage="0" maxCyclomaticComplexity="0" minCyclomaticComplexity="0" maxCrapScore="0" minCrapScore="0" visitedClasses="0" numClasses="0" visitedMethods="1" numMethods="1" />
              <MetadataToken>100663440</MetadataToken>
              <Name>System.Void Model.Lobby.LobbyModel[PlayerIdType]::set_ConnectedClients(System.Collections.Generic.Dictionary[PlayerIdType,LobbyPlayerData])</Name>
              <FileRef uid="7" />
              <SequencePoints>
                <SequencePoint vc="8" uspid="3528" ordinal="0" offset="0" sl="16" sc="0" el="16" ec="0" bec="0" bev="0" fileid="7" />
              </SequencePoints>
              <BranchPoints />
            </Method>
            <Method visited="true" cyclomaticComplexity="0" nPathComplexity="0" sequenceCoverage="100.0" branchCoverage="0" crapScore="0" isConstructor="false" isStatic="false" isGetter="true" isSetter="false">
              <Summary numSequencePoints="1" visitedSequencePoints="1" numBranchPoints="0" visitedBranchPoints="0" sequenceCoverage="100.0" branchCoverage="0" maxCyclomaticComplexity="0" minCyclomaticComplexity="0" maxCrapScore="0" minCrapScore="0" visitedClasses="0" numClasses="0" visitedMethods="1" numMethods="1" />
              <MetadataToken>100663441</MetadataToken>
              <Name>System.Collections.Generic.List[LobbySlot] Model.Lobby.LobbyModel[PlayerIdType]::get_LobbySlots()</Name>
              <FileRef uid="7" />
              <SequencePoints>
                <SequencePoint vc="96" uspid="3529" ordinal="0" offset="0" sl="17" sc="0" el="17" ec="0" bec="0" bev="0" fileid="7" />
              </SequencePoints>
              <BranchPoints />
            </Method>
            <Method visited="true" cyclomaticComplexity="0" nPathComplexity="0" sequenceCoverage="100.0" branchCoverage="0" crapScore="0" isConstructor="false" isStatic="false" isGetter="false" isSetter="true">
              <Summary numSequencePoints="1" visitedSequencePoints="1" numBranchPoints="0" visitedBranchPoints="0" sequenceCoverage="100.0" branchCoverage="0" maxCyclomaticComplexity="0" minCyclomaticComplexity="0" maxCrapScore="0" minCrapScore="0" visitedClasses="0" numClasses="0" visitedMethods="1" numMethods="1" />
              <MetadataToken>100663442</MetadataToken>
              <Name>System.Void Model.Lobby.LobbyModel[PlayerIdType]::set_LobbySlots(System.Collections.Generic.List[LobbySlot])</Name>
              <FileRef uid="7" />
              <SequencePoints>
                <SequencePoint vc="8" uspid="3530" ordinal="0" offset="0" sl="17" sc="0" el="17" ec="0" bec="0" bev="0" fileid="7" />
              </SequencePoints>
              <BranchPoints />
            </Method>
            <Method visited="true" cyclomaticComplexity="0" nPathComplexity="0" sequenceCoverage="100.0" branchCoverage="0" crapScore="0" isConstructor="false" isStatic="false" isGetter="false" isSetter="false">
[...]
                <SequencePoint vc="4" uspid="4298" ordinal="0" offset="7" sl="18" sc="0" el="18" ec="0" bec="0" bev="0" fileid="14" />
                <SequencePoint vc="4" uspid="4299" ordinal="0" offset="8" sl="19" sc="0" el="19" ec="0" bec="0" bev="0" fileid="14" />
                <SequencePoint vc="4" uspid="4300" ordinal="0" offset="16" sl="20" sc="0" el="20" ec="0" bec="0" bev="0" fileid="14" />
                <SequencePoint vc="4" uspid="4301" ordinal="0" offset="29" sl="21" sc="0" el="21" ec="0" bec="0" bev="0" fileid="14" />
                <SequencePoint vc="4" uspid="4302" ordinal="0" offset="37" sl="22" sc="0" el="22" ec="0" bec="0" bev="0" fileid="14" />
                <SequencePoint vc="4" uspid="4303" ordinal="0" offset="44" sl="23" sc="0" el="23" ec="0" bec="0" bev="0" fileid="14" />
              </SequencePoints>
              <BranchPoints />
            </Method>
          </Methods>
        </Class>
        <Class>
          <Summary numSequencePoints="10" visitedSequencePoints="10" numBranchPoints="0" visitedBranchPoints="0" sequenceCoverage="100.0" branchCoverage="0.0" maxCyclomaticComplexity="0" minCyclomaticComplexity="0" maxCrapScore="0" minCrapScore="0" visitedClasses="1" numClasses="1" visitedMethods="5" numMethods="5" />
          <FullName>Model.Deck.DeckEntry</FullName>
          <Methods>
            <Method visited="true" cyclomaticComplexity="0" nPathComplexity="0" sequenceCoverage="100.0" branchCoverage="0" crapScore="0" isConstructor="false" isStatic="false" isGetter="true" isSetter="false">
              <Summary numSequencePoints="1" visitedSequencePoints="1" numBranchPoints="0" visitedBranchPoints="0" sequenceCoverage="100.0" branchCoverage="0" maxCyclomaticComplexity="0" minCyclomaticComplexity="0" maxCrapScore="0" minCrapScore="0" visitedClasses="0" numClasses="0" visitedMethods="1" numMethods="1" />
              <MetadataToken>100663640</MetadataToken>
              <Name>System.Int32 Model.Deck.DeckEntry::get_Amount()</Name>
              <FileRef uid="15" />
              <SequencePoints>
                <SequencePoint vc="76" uspid="4304" ordinal="0" offset="0" sl="21" sc="29" el="21" ec="29" bec="0" bev="0" fileid="15" />
              </SequencePoints>
              <BranchPoints />
            </Method>
            <Method visited="true" cyclomaticComplexity="0" nPathComplexity="0" sequenceCoverage="100.0" branchCoverage="0" crapScore="0" isConstructor="false" isStatic="false" isGetter="false" isSetter="true">
              <Summary numSequencePoints="1" visitedSequencePoints="1" numBranchPoints="0" visitedBranchPoints="0" sequenceCoverage="100.0" branchCoverage="0" maxCyclomaticComplexity="0" minCyclomaticComplexity="0" maxCrapScore="0" minCrapScore="0" visitedClasses="0" numClasses="0" visitedMethods="1" numMethods="1" />
              <MetadataToken>100663641</MetadataToken>
              <Name>System.Void Model.Deck.DeckEntry::set_Amount(System.Int32)</Name>
              <FileRef uid="15" />
              <SequencePoints>
                <SequencePoint vc="32" uspid="4305" ordinal="0" offset="0" sl="21" sc="34" el="21" ec="34" bec="0" bev="0" fileid="15" />
              </SequencePoints>
              <BranchPoints />
            </Method>
            <Method visited="true" cyclomaticComplexity="0" nPathComplexity="0" sequenceCoverage="100.0" branchCoverage="0" crapScore="0" isConstructor="false" isStatic="false" isGetter="true" isSetter="false">
              <Summary numSequencePoints="1" visitedSequencePoints="1" numBranchPoints="0" visitedBranchPoints="0" sequenceCoverage="100.0" branchCoverage="0" maxCyclomaticComplexity="0" minCyclomaticComplexity="0" maxCrapScore="0" minCrapScore="0" visitedClasses="0" numClasses="0" visitedMethods="1" numMethods="1" />
              <MetadataToken>100663642</MetadataToken>
              <Name>Model.Units.UnitIdentifier Model.Deck.DeckEntry::get_TargetUnit()</Name>
              <FileRef uid="15" />
              <SequencePoints>
                <SequencePoint vc="24" uspid="4306" ordinal="0" offset="0" sl="25" sc="44" el="25" ec="44" bec="0" bev="0" fileid="15" />
              </SequencePoints>
              <BranchPoints />
            </Method>
            <Method visited="true" cyclomaticComplexity="0" nPathComplexity="0" sequenceCoverage="100.0" branchCoverage="0" crapScore="0" isConstructor="false" isStatic="false" isGetter="true" isSetter="false">
              <Summary numSequencePoints="1" visitedSequencePoints="1" numBranchPoints="0" visitedBranchPoints="0" sequenceCoverage="100.0" branchCoverage="0" maxCyclomaticComplexity="0" minCyclomaticComplexity="0" maxCrapScore="0" minCrapScore="0" visitedClasses="0" numClasses="0" visitedMethods="1" numMethods="1" />
              <MetadataToken>100663643</MetadataToken>
              <Name>Model.Units.UnitConstants Model.Deck.DeckEntry::get_Constants()</Name>
              <FileRef uid="15" />
              <SequencePoints>
                <SequencePoint vc="1" uspid="4307" ordinal="0" offset="0" sl="29" sc="42" el="29" ec="42" bec="0" bev="0" fileid="15" />
              </SequencePoints>
              <BranchPoints />
            </Method>
            <Method visited="true" cyclomaticComplexity="0" nPathComplexity="0" sequenceCoverage="100.0" branchCoverage="0" crapScore="0" isConstructor="true" isStatic="false" isGetter="false" isSetter="false">
              <Summary numSequencePoints="6" visitedSequencePoints="6" numBranchPoints="0" visitedBranchPoints="0" sequenceCoverage="100.0" branchCoverage="0" maxCyclomaticComplexity="0" minCyclomaticComplexity="0" maxCrapScore="0" minCrapScore="0" visitedClasses="0" numClasses="0" visitedMethods="1" numMethods="1" />
              <MetadataToken>100663639</MetadataToken>
              <Name>Model.Deck.DeckEntry::DeckEntry(Model.Units.UnitIdentifier)</Name>
              <FileRef uid="15" />
              <SequencePoints>
                <SequencePoint vc="9" uspid="4308" ordinal="0" offset="0" sl="12" sc="9" el="12" ec="9" bec="0" bev="0" fileid="15" />
                <SequencePoint vc="9" uspid="4309" ordinal="0" offset="7" sl="13" sc="9" el="13" ec="9" bec="0" bev="0" fileid="15" />
                <SequencePoint vc="9" uspid="4310" ordinal="0" offset="8" sl="14" sc="13" el="14" ec="13" bec="0" bev="0" fileid="15" />
                <SequencePoint vc="9" uspid="4311" ordinal="0" offset="15" sl="15" sc="13" el="15" ec="13" bec="0" bev="0" fileid="15" />
                <SequencePoint vc="9" uspid="4312" ordinal="0" offset="23" sl="16" sc="13" el="16" ec="13" bec="0" bev="0" fileid="15" />
                <SequencePoint vc="9" uspid="4313" ordinal="0" offset="40" sl="17" sc="9" el="17" ec="9" bec="0" bev="0" fileid="15" />
              </SequencePoints>
              <BranchPoints />
            </Method>
          </Methods>
        </Class>
        <Class>
          <Summary numSequencePoints="49" visitedSequencePoints="49" numBranchPoints="0" visitedBranchPoints="0" sequenceCoverage="100.0" branchCoverage="0.0" maxCyclomaticComplexity="0" minCyclomaticComplexity="0" maxCrapScore="0" minCrapScore="0" visitedClasses="1" numClasses="1" visitedMethods="7" numMethods="7" />
          <FullName>Model.Deck.DeckObject</FullName>
          <Methods>
            <Method visited="true" cyclomaticComplexity="0" nPathComplexity="0" sequenceCoverage="100.0" branchCoverage="0" crapScore="0" isConstructor="false" isStatic="false" isGetter="true" isSetter="false">
              <Summary numSequencePoints="1" visitedSequencePoints="1" numBranchPoints="0" visitedBranchPoints="0" sequenceCoverage="100.0" branchCoverage="0" maxCyclomaticComplexity="0" minCyclomaticComplexity="0" maxCrapScore="0" minCrapScore="0" visitedClasses="0" numClasses="0" visitedMethods="1" numMethods="1" />
              <MetadataToken>100663644</MetadataToken>
              <Name>System.Collections.Generic.List[DeckEntry] Model.Deck.DeckObject::get_Entries()</Name>
              <FileRef uid="16" />
              <SequencePoints>
                <SequencePoint vc="114" uspid="4314" ordinal="0" offset="0" sl="12" sc="42" el="12" ec="42" bec="0" bev="0" fileid="16" />
              </SequencePoints>
              <BranchPoints />
            </Method>
            <Method visited="true" cyclomaticComplexity="0" nPathComplexity="0" sequenceCoverage="100.0" branchCoverage="0" crapScore="0" isConstructor="false" isStatic="false" isGetter="false" isSetter="true">
              <Summary numSequencePoints="1" visitedSequencePoints="1" numBranchPoints="0" visitedBranchPoints="0" sequenceCoverage="100.0" branchCoverage="0" maxCyclomaticComplexity="0" minCyclomaticComplexity="0" maxCrapScore="0" minCrapScore="0" visitedClasses="0" numClasses="0" visitedMethods="1" numMethods="1" />
              <MetadataToken>100663645</MetadataToken>
              <Name>System.Void Model.Deck.DeckObject::set_Entries(System.Collections.Generic.List[DeckEntry])</Name>
              <FileRef uid="16" />
              <SequencePoints>
                <SequencePoint vc="47" uspid="4315" ordinal="0" offset="0" sl="12" sc="47" el="12" ec="47" bec="0" bev="0" fileid="16" />
              </SequencePoints>
              <BranchPoints />
            </Method>
            <Method visited="true" cyclomaticComplexity="0" nPathComplexity="0" sequenceCoverage="100.0" branchCoverage="0" crapScore="0" isConstructor="false" isStatic="false" isGetter="false" isSetter="false">
              <Summary numSequencePoints="20" visitedSequencePoints="20" numBranchPoints="0" visitedBranchPoints="0" sequenceCoverage="100.0" branchCoverage="0" maxCyclomaticComplexity="0" minCyclomaticComplexity="0" maxCrapScore="0" minCrapScore="0" visitedClasses="0" numClasses="0" visitedMethods="1" numMethods="1" />
              <MetadataToken>100663647</MetadataToken>
              <Name>System.Int32 Model.Deck.DeckObject::Add(Model.Units.UnitIdentifier)</Name>
              <FileRef uid="16" />
              <SequencePoints>
                <SequencePoint vc="16" uspid="4316" ordinal="0" offset="0" sl="26" sc="9" el="26" ec="9" bec="0" bev="0" fileid="16" />
                <SequencePoint vc="16" uspid="4317" ordinal="0" offset="1" sl="28" sc="13" el="28" ec="13" bec="0" bev="0" fileid="16" />
                <SequencePoint vc="1" uspid="4318" ordinal="0" offset="5" sl="30" sc="13" el="30" ec="13" bec="0" bev="0" fileid="16" />
                <SequencePoint vc="1" uspid="4319" ordinal="0" offset="6" sl="31" sc="17" el="31" ec="17" bec="0" bev="0" fileid="16" />
                <SequencePoint vc="1" uspid="4320" ordinal="0" offset="10" sl="32" sc="13" el="32" ec="13" bec="0" bev="0" fileid="16" />
                <SequencePoint vc="17" uspid="4321" ordinal="0" offset="11" sl="29" sc="13" el="29" ec="13" bec="0" bev="0" fileid="16" />
                <SequencePoint vc="16" uspid="4322" ordinal="0" offset="55" sl="36" sc="13" el="36" ec="13" bec="0" bev="0" fileid="16" />
                <SequencePoint vc="7" uspid="4323" ordinal="0" offset="73" sl="37" sc="13" el="37" ec="13" bec="0" bev="0" fileid="16" />
                <SequencePoint vc="7" uspid="4324" ordinal="0" offset="74" sl="38" sc="17" el="38" ec="17" bec="0" bev="0" fileid="16" />
                <SequencePoint vc="7" uspid="4325" ordinal="0" offset="87" sl="39" sc="13" el="39" ec="13" bec="0" bev="0" fileid="16" />
                <SequencePoint vc="9" uspid="4326" ordinal="0" offset="90" sl="42" sc="13" el="42" ec="13" bec="0" bev="0" fileid="16" />
                <SequencePoint vc="9" uspid="4327" ordinal="0" offset="91" sl="43" sc="17" el="43" ec="17" bec="0" bev="0" fileid="16" />
                <SequencePoint vc="9" uspid="4328" ordinal="0" offset="98" sl="44" sc="17" el="44" ec="17" bec="0" bev="0" fileid="16" />
                <SequencePoint vc="9" uspid="4329" ordinal="0" offset="111" sl="45" sc="13" el="45" ec="13" bec="0" bev="0" fileid="16" />
                <SequencePoint vc="16" uspid="4330" ordinal="0" offset="112" sl="48" sc="13" el="48" ec="13" bec="0" bev="0" fileid="16" />
                <SequencePoint vc="15" uspid="4331" ordinal="0" offset="142" sl="49" sc="13" el="49" ec="13" bec="0" bev="0" fileid="16" />
                <SequencePoint vc="15" uspid="4332" ordinal="0" offset="143" sl="50" sc="17" el="50" ec="17" bec="0" bev="0" fileid="16" />
                <SequencePoint vc="15" uspid="4333" ordinal="0" offset="162" sl="51" sc="13" el="51" ec="13" bec="0" bev="0" fileid="16" />
                <SequencePoint vc="16" uspid="4334" ordinal="0" offset="163" sl="52" sc="13" el="52" ec="13" bec="0" bev="0" fileid="16" />
                <SequencePoint vc="16" uspid="4335" ordinal="0" offset="173" sl="53" sc="9" el="53" ec="9" bec="0" bev="0" fileid="16" />
              </SequencePoints>
              <BranchPoints />
            </Method>
            <Method visited="true" cyclomaticComplexity="0" nPathComplexity="0" sequenceCoverage="100.0" branchCoverage="0" crapScore="0" isConstructor="false" isStatic="false" isGetter="false" isSetter="false">
              <Summary numSequencePoints="17" visitedSequencePoints="17" numBranchPoints="0" visitedBranchPoints="0" sequenceCoverage="100.0" branchCoverage="0" maxCyclomaticComplexity="0" minCyclomaticComplexity="0" maxCrapScore="0" minCrapScore="0" visitedClasses="0" numClasses="0" visitedMethods="1" numMethods="1" />
              <MetadataToken>100663648</MetadataToken>
              <Name>System.Int32 Model.Deck.DeckObject::RemoveOne(Model.Units.UnitIdentifier)</Name>
              <FileRef uid="16" />
              <SequencePoints>
                <SequencePoint vc="4" uspid="4336" ordinal="0" offset="0" sl="62" sc="9" el="62" ec="9" bec="0" bev="0" fileid="16" />
                <SequencePoint vc="4" uspid="4337" ordinal="0" offset="1" sl="64" sc="13" el="64" ec="13" bec="0" bev="0" fileid="16" />
                <SequencePoint vc="1" uspid="4338" ordinal="0" offset="5" sl="66" sc="13" el="66" ec="13" bec="0" bev="0" fileid="16" />
                <SequencePoint vc="1" uspid="4339" ordinal="0" offset="6" sl="67" sc="17" el="67" ec="17" bec="0" bev="0" fileid="16" />
                <SequencePoint vc="1" uspid="4340" ordinal="0" offset="10" sl="68" sc="13" el="68" ec="13" bec="0" bev="0" fileid="16" />
                <SequencePoint vc="5" uspid="4341" ordinal="0" offset="11" sl="65" sc="13" el="65" ec="13" bec="0" bev="0" fileid="16" />
                <SequencePoint vc="4" uspid="4342" ordinal="0" offset="55" sl="71" sc="13" el="71" ec="13" bec="0" bev="0" fileid="16" />
                <SequencePoint vc="3" uspid="4343" ordinal="0" offset="73" sl="72" sc="13" el="72" ec="13" bec="0" bev="0" fileid="16" />
                <SequencePoint vc="3" uspid="4344" ordinal="0" offset="74" sl="73" sc="17" el="73" ec="17" bec="0" bev="0" fileid="16" />
                <SequencePoint vc="3" uspid="4345" ordinal="0" offset="102" sl="74" sc="17" el="74" ec="17" bec="0" bev="0" fileid="16" />
                <SequencePoint vc="1" uspid="4346" ordinal="0" offset="128" sl="75" sc="17" el="75" ec="17" bec="0" bev="0" fileid="16" />
                <SequencePoint vc="1" uspid="4347" ordinal="0" offset="129" sl="76" sc="21" el="76" ec="21" bec="0" bev="0" fileid="16" />
                <SequencePoint vc="1" uspid="4348" ordinal="0" offset="142" sl="77" sc="21" el="77" ec="21" bec="0" bev="0" fileid="16" />
                <SequencePoint vc="2" uspid="4349" ordinal="0" offset="147" sl="79" sc="17" el="79" ec="17" bec="0" bev="0" fileid="16" />
                <SequencePoint vc="1" uspid="4350" ordinal="0" offset="168" sl="83" sc="13" el="83" ec="13" bec="0" bev="0" fileid="16" />
                <SequencePoint vc="1" uspid="4351" ordinal="0" offset="169" sl="84" sc="17" el="84" ec="17" bec="0" bev="0" fileid="16" />
                <SequencePoint vc="4" uspid="4352" ordinal="0" offset="174" sl="86" sc="9" el="86" ec="9" bec="0" bev="0" fileid="16" />
              </SequencePoints>
              <BranchPoints />
            </Method>
            <Method visited="true" cyclomaticComplexity="0" nPathComplexity="0" sequenceCoverage="100.0" branchCoverage="0" crapScore="0" isConstructor="false" isStatic="false" isGetter="false" isSetter="false">
              <Summary numSequencePoints="3" visitedSequencePoints="3" numBranchPoints="0" visitedBranchPoints="0" sequenceCoverage="100.0" branchCoverage="0" maxCyclomaticComplexity="0" minCyclomaticComplexity="0" maxCrapScore="0" minCrapScore="0" visitedClasses="0" numClasses="0" visitedMethods="1" numMethods="1" />
              <MetadataToken>100663649</MetadataToken>
              <Name>System.Void Model.Deck.DeckObject::Clear()</Name>
              <FileRef uid="16" />
              <SequencePoints>
                <SequencePoint vc="1" uspid="4353" ordinal="0" offset="0" sl="89" sc="9" el="89" ec="9" bec="0" bev="0" fileid="16" />
                <SequencePoint vc="1" uspid="4354" ordinal="0" offset="1" sl="90" sc="13" el="90" ec="13" bec="0" bev="0" fileid="16" />
                <SequencePoint vc="1" uspid="4355" ordinal="0" offset="13" sl="91" sc="9" el="91" ec="9" bec="0" bev="0" fileid="16" />
              </SequencePoints>
              <BranchPoints />
            </Method>
            <Method visited="true" cyclomaticComplexity="0" nPathComplexity="0" sequenceCoverage="100.0" branchCoverage="0" crapScore="0" isConstructor="false" isStatic="false" isGetter="false" isSetter="false">
              <Summary numSequencePoints="3" visitedSequencePoints="3" numBranchPoints="0" visitedBranchPoints="0" sequenceCoverage="100.0" branchCoverage="0" maxCyclomaticComplexity="0" minCyclomaticComplexity="0" maxCrapScore="0" minCrapScore="0" visitedClasses="0" numClasses="0" visitedMethods="1" numMethods="1" />
              <MetadataToken>100663650</MetadataToken>
              <Name>System.Boolean Model.Deck.DeckObject::IsEmpty()</Name>
              <FileRef uid="16" />
              <SequencePoints>
                <SequencePoint vc="6" uspid="4356" ordinal="0" offset="0" sl="94" sc="9" el="94" ec="9" bec="0" bev="0" fileid="16" />
                <SequencePoint vc="6" uspid="4357" ordinal="0" offset="1" sl="95" sc="13" el="95" ec="13" bec="0" bev="0" fileid="16" />
                <SequencePoint vc="6" uspid="4358" ordinal="0" offset="18" sl="96" sc="9" el="96" ec="9" bec="0" bev="0" fileid="16" />
              </SequencePoints>
              <BranchPoints />
            </Method>
            <Method visited="true" cyclomaticComplexity="0" nPathComplexity="0" sequenceCoverage="100.0" branchCoverage="0" crapScore="0" isConstructor="true" isStatic="false" isGetter="false" isSetter="false">
              <Summary numSequencePoints="4" visitedSequencePoints="4" numBranchPoints="0" visitedBranchPoints="0" sequenceCoverage="100.0" branchCoverage="0" maxCyclomaticComplexity="0" minCyclomaticComplexity="0" maxCrapScore="0" minCrapScore="0" visitedClasses="0" numClasses="0" visitedMethods="1" numMethods="1" />
              <MetadataToken>100663646</MetadataToken>
              <Name>Model.Deck.DeckObject::DeckObject()</Name>
              <FileRef uid="16" />
              <SequencePoints>
                <SequencePoint vc="47" uspid="4359" ordinal="0" offset="0" sl="14" sc="9" el="14" ec="9" bec="0" bev="0" fileid="16" />
                <SequencePoint vc="47" uspid="4360" ordinal="0" offset="7" sl="15" sc="9" el="15" ec="9" bec="0" bev="0" fileid="16" />
                <SequencePoint vc="47" uspid="4361" ordinal="0" offset="8" sl="16" sc="13" el="16" ec="13" bec="0" bev="0" fileid="16" />
                <SequencePoint vc="47" uspid="4362" ordinal="0" offset="20" sl="17" sc="9" el="17" ec="9" bec="0" bev="0" fileid="16" />
              </SequencePoints>
              <BranchPoints />
            </Method>
          </Methods>
        </Class>
      </Classes>
    </Module>
  </Modules>
</CoverageSession>